2020-03-12 09:49:17,304 INFO  Logger.cs: 70 - 
--------------------------------------------------------------------------------
2020-03-12 09:49:17,330 INFO  Logger.cs: 71 - Logging commencing for SW2URDF exporter
2020-03-12 09:49:17,331 INFO  Logger.cs: 73 - Commit version 1.5.1-0-g916b5db
2020-03-12 09:49:17,332 INFO  Logger.cs: 74 - Build version 1.5.7152.31018
2020-03-12 09:49:17,345 INFO  SwAddin.cs: 250 - Adding Assembly export to file menu
2020-03-12 09:49:17,346 INFO  SwAddin.cs: 253 - Adding Part export to file menu
2020-03-12 09:49:17,405 INFO  SwAddin.cs: 218 - Connecting plugin to SolidWorks
2020-03-12 09:53:13,703 INFO  SwAddin.cs: 271 - Assembly export called for file main_1.SLDASM
2020-03-12 09:53:15,732 INFO  SwAddin.cs: 290 - Saving assembly
2020-03-12 09:53:16,459 INFO  SwAddin.cs: 293 - Opening property manager
2020-03-12 09:53:16,487 INFO  ExportHelperExtension.cs: 1131 - Retrieving features of type [CoordSys] from main_1.SLDASM
2020-03-12 09:53:16,500 INFO  ExportHelperExtension.cs: 1142 - Found 81 in main_1.SLDASM
2020-03-12 09:53:16,502 INFO  ExportHelperExtension.cs: 1152 - Found 0 features of type [CoordSys] in main_1.SLDASM
2020-03-12 09:53:16,502 INFO  ExportHelperExtension.cs: 1155 - Proceeding through assembly components
2020-03-12 09:53:16,504 INFO  ExportHelperExtension.cs: 1167 - 17 components to check
2020-03-12 09:53:16,505 INFO  ExportHelperExtension.cs: 1131 - Retrieving features of type [CoordSys] from wheel_assem.SLDPRT-1
2020-03-12 09:53:16,506 INFO  ExportHelperExtension.cs: 1142 - Found 50 in wheel_assem.SLDPRT-1
2020-03-12 09:53:16,507 INFO  ExportHelperExtension.cs: 1152 - Found 0 features of type [CoordSys] in wheel_assem.SLDPRT-1
2020-03-12 09:53:16,508 INFO  ExportHelperExtension.cs: 1131 - Retrieving features of type [CoordSys] from chassis_main-1
2020-03-12 09:53:16,509 INFO  ExportHelperExtension.cs: 1142 - Found 290 in chassis_main-1
2020-03-12 09:53:16,510 INFO  ExportHelperExtension.cs: 1152 - Found 0 features of type [CoordSys] in chassis_main-1
2020-03-12 09:53:16,511 INFO  ExportHelperExtension.cs: 1131 - Retrieving features of type [CoordSys] from Lidar_front-1
2020-03-12 09:53:16,511 INFO  ExportHelperExtension.cs: 1142 - Found 29 in Lidar_front-1
2020-03-12 09:53:16,512 INFO  ExportHelperExtension.cs: 1152 - Found 0 features of type [CoordSys] in Lidar_front-1
2020-03-12 09:53:16,512 INFO  ExportHelperExtension.cs: 1131 - Retrieving features of type [CoordSys] from Lidar_back-1
2020-03-12 09:53:16,512 INFO  ExportHelperExtension.cs: 1142 - Found 28 in Lidar_back-1
2020-03-12 09:53:16,513 INFO  ExportHelperExtension.cs: 1152 - Found 0 features of type [CoordSys] in Lidar_back-1
2020-03-12 09:53:16,514 INFO  ExportHelperExtension.cs: 1131 - Retrieving features of type [CoordSys] from wheel_assem.SLDPRT-2
2020-03-12 09:53:16,514 INFO  ExportHelperExtension.cs: 1142 - Found 50 in wheel_assem.SLDPRT-2
2020-03-12 09:53:16,515 INFO  ExportHelperExtension.cs: 1152 - Found 0 features of type [CoordSys] in wheel_assem.SLDPRT-2
2020-03-12 09:53:16,515 INFO  ExportHelperExtension.cs: 1131 - Retrieving features of type [CoordSys] from omniWheel_cart-1
2020-03-12 09:53:16,516 INFO  ExportHelperExtension.cs: 1142 - Found 32 in omniWheel_cart-1
2020-03-12 09:53:16,516 INFO  ExportHelperExtension.cs: 1152 - Found 0 features of type [CoordSys] in omniWheel_cart-1
2020-03-12 09:53:16,517 INFO  ExportHelperExtension.cs: 1131 - Retrieving features of type [CoordSys] from drive_unit_4_R-1
2020-03-12 09:53:16,517 INFO  ExportHelperExtension.cs: 1142 - Found 37 in drive_unit_4_R-1
2020-03-12 09:53:16,518 INFO  ExportHelperExtension.cs: 1152 - Found 0 features of type [CoordSys] in drive_unit_4_R-1
2020-03-12 09:53:16,519 INFO  ExportHelperExtension.cs: 1131 - Retrieving features of type [CoordSys] from omniWheel_cart-2
2020-03-12 09:53:16,519 INFO  ExportHelperExtension.cs: 1142 - Found 32 in omniWheel_cart-2
2020-03-12 09:53:16,519 INFO  ExportHelperExtension.cs: 1152 - Found 0 features of type [CoordSys] in omniWheel_cart-2
2020-03-12 09:53:16,520 INFO  ExportHelperExtension.cs: 1131 - Retrieving features of type [CoordSys] from electronics_main-1
2020-03-12 09:53:16,520 INFO  ExportHelperExtension.cs: 1142 - Found 61 in electronics_main-1
2020-03-12 09:53:16,522 INFO  ExportHelperExtension.cs: 1152 - Found 0 features of type [CoordSys] in electronics_main-1
2020-03-12 09:53:16,522 INFO  ExportHelperExtension.cs: 1131 - Retrieving features of type [CoordSys] from drive_unit_4_L-1
2020-03-12 09:53:16,523 INFO  ExportHelperExtension.cs: 1142 - Found 36 in drive_unit_4_L-1
2020-03-12 09:53:16,524 INFO  ExportHelperExtension.cs: 1152 - Found 0 features of type [CoordSys] in drive_unit_4_L-1
2020-03-12 09:53:16,524 INFO  ExportHelperExtension.cs: 1131 - Retrieving features of type [CoordSys] from linear_motion-2
2020-03-12 09:53:16,525 INFO  ExportHelperExtension.cs: 1142 - Found 48 in linear_motion-2
2020-03-12 09:53:16,526 INFO  ExportHelperExtension.cs: 1152 - Found 0 features of type [CoordSys] in linear_motion-2
2020-03-12 09:53:16,526 INFO  ExportHelperExtension.cs: 1131 - Retrieving features of type [RefAxis] from main_1.SLDASM
2020-03-12 09:53:16,527 INFO  ExportHelperExtension.cs: 1142 - Found 81 in main_1.SLDASM
2020-03-12 09:53:16,527 INFO  ExportHelperExtension.cs: 1152 - Found 0 features of type [RefAxis] in main_1.SLDASM
2020-03-12 09:53:16,528 INFO  ExportHelperExtension.cs: 1155 - Proceeding through assembly components
2020-03-12 09:53:16,528 INFO  ExportHelperExtension.cs: 1167 - 17 components to check
2020-03-12 09:53:16,528 INFO  ExportHelperExtension.cs: 1131 - Retrieving features of type [RefAxis] from wheel_assem.SLDPRT-1
2020-03-12 09:53:16,682 INFO  ExportHelperExtension.cs: 1142 - Found 50 in wheel_assem.SLDPRT-1
2020-03-12 09:53:16,683 INFO  ExportHelperExtension.cs: 1152 - Found 0 features of type [RefAxis] in wheel_assem.SLDPRT-1
2020-03-12 09:53:16,683 INFO  ExportHelperExtension.cs: 1131 - Retrieving features of type [RefAxis] from chassis_main-1
2020-03-12 09:53:16,684 INFO  ExportHelperExtension.cs: 1142 - Found 290 in chassis_main-1
2020-03-12 09:53:16,686 INFO  ExportHelperExtension.cs: 1152 - Found 0 features of type [RefAxis] in chassis_main-1
2020-03-12 09:53:16,686 INFO  ExportHelperExtension.cs: 1131 - Retrieving features of type [RefAxis] from Lidar_front-1
2020-03-12 09:53:16,686 INFO  ExportHelperExtension.cs: 1142 - Found 29 in Lidar_front-1
2020-03-12 09:53:16,687 INFO  ExportHelperExtension.cs: 1152 - Found 0 features of type [RefAxis] in Lidar_front-1
2020-03-12 09:53:16,687 INFO  ExportHelperExtension.cs: 1131 - Retrieving features of type [RefAxis] from Lidar_back-1
2020-03-12 09:53:16,688 INFO  ExportHelperExtension.cs: 1142 - Found 28 in Lidar_back-1
2020-03-12 09:53:16,688 INFO  ExportHelperExtension.cs: 1152 - Found 0 features of type [RefAxis] in Lidar_back-1
2020-03-12 09:53:16,688 INFO  ExportHelperExtension.cs: 1131 - Retrieving features of type [RefAxis] from wheel_assem.SLDPRT-2
2020-03-12 09:53:16,689 INFO  ExportHelperExtension.cs: 1142 - Found 50 in wheel_assem.SLDPRT-2
2020-03-12 09:53:16,689 INFO  ExportHelperExtension.cs: 1152 - Found 0 features of type [RefAxis] in wheel_assem.SLDPRT-2
2020-03-12 09:53:16,689 INFO  ExportHelperExtension.cs: 1131 - Retrieving features of type [RefAxis] from omniWheel_cart-1
2020-03-12 09:53:16,690 INFO  ExportHelperExtension.cs: 1142 - Found 32 in omniWheel_cart-1
2020-03-12 09:53:16,690 INFO  ExportHelperExtension.cs: 1152 - Found 0 features of type [RefAxis] in omniWheel_cart-1
2020-03-12 09:53:16,690 INFO  ExportHelperExtension.cs: 1131 - Retrieving features of type [RefAxis] from drive_unit_4_R-1
2020-03-12 09:53:16,691 INFO  ExportHelperExtension.cs: 1142 - Found 37 in drive_unit_4_R-1
2020-03-12 09:53:16,691 INFO  ExportHelperExtension.cs: 1152 - Found 0 features of type [RefAxis] in drive_unit_4_R-1
2020-03-12 09:53:16,692 INFO  ExportHelperExtension.cs: 1131 - Retrieving features of type [RefAxis] from omniWheel_cart-2
2020-03-12 09:53:16,692 INFO  ExportHelperExtension.cs: 1142 - Found 32 in omniWheel_cart-2
2020-03-12 09:53:16,692 INFO  ExportHelperExtension.cs: 1152 - Found 0 features of type [RefAxis] in omniWheel_cart-2
2020-03-12 09:53:16,693 INFO  ExportHelperExtension.cs: 1131 - Retrieving features of type [RefAxis] from electronics_main-1
2020-03-12 09:53:16,694 INFO  ExportHelperExtension.cs: 1142 - Found 61 in electronics_main-1
2020-03-12 09:53:16,694 INFO  ExportHelperExtension.cs: 1152 - Found 0 features of type [RefAxis] in electronics_main-1
2020-03-12 09:53:16,695 INFO  ExportHelperExtension.cs: 1131 - Retrieving features of type [RefAxis] from drive_unit_4_L-1
2020-03-12 09:53:16,695 INFO  ExportHelperExtension.cs: 1142 - Found 36 in drive_unit_4_L-1
2020-03-12 09:53:16,696 INFO  ExportHelperExtension.cs: 1152 - Found 0 features of type [RefAxis] in drive_unit_4_L-1
2020-03-12 09:53:16,696 INFO  ExportHelperExtension.cs: 1131 - Retrieving features of type [RefAxis] from linear_motion-2
2020-03-12 09:53:16,697 INFO  ExportHelperExtension.cs: 1142 - Found 48 in linear_motion-2
2020-03-12 09:53:16,697 INFO  ExportHelperExtension.cs: 1152 - Found 0 features of type [RefAxis] in linear_motion-2
2020-03-12 09:53:17,818 INFO  SwAddin.cs: 316 - Loading config tree
2020-03-12 09:53:17,824 INFO  ExportPropertyManagerExtension.cs: 597 - Starting new configuration
2020-03-12 09:53:17,833 INFO  SwAddin.cs: 321 - Showing property manager
2020-03-12 09:53:32,447 INFO  ExportPropertyManager.cs: 1078 - OnListboxSelectionChanged called. This method no longer throws an Exception. It just silently does nothing. Ok, except for this logging message
2020-03-12 09:57:24,351 INFO  ExportPropertyManager.cs: 1178 - OnNumberBoxTrackingCompleted called. This method no longer throws an Exception. It just silently does nothing. Ok, except for this logging message
2020-03-12 09:57:24,515 INFO  ExportPropertyManager.cs: 1178 - OnNumberBoxTrackingCompleted called. This method no longer throws an Exception. It just silently does nothing. Ok, except for this logging message
2020-03-12 09:57:25,431 INFO  ExportPropertyManager.cs: 1178 - OnNumberBoxTrackingCompleted called. This method no longer throws an Exception. It just silently does nothing. Ok, except for this logging message
2020-03-12 09:57:28,062 INFO  ExportPropertyManager.cs: 1178 - OnNumberBoxTrackingCompleted called. This method no longer throws an Exception. It just silently does nothing. Ok, except for this logging message
2020-03-12 09:57:28,211 INFO  ExportPropertyManager.cs: 1178 - OnNumberBoxTrackingCompleted called. This method no longer throws an Exception. It just silently does nothing. Ok, except for this logging message
2020-03-12 09:58:15,454 INFO  ExportPropertyManager.cs: 1060 - OnComboboxSelectionChanged called. This method no longer throws an Exception. It just silently does nothing. Ok, except for this logging message
2020-03-12 09:58:57,591 INFO  ExportPropertyManager.cs: 1060 - OnComboboxSelectionChanged called. This method no longer throws an Exception. It just silently does nothing. Ok, except for this logging message
2020-03-12 09:59:38,113 INFO  ExportPropertyManager.cs: 1178 - OnNumberBoxTrackingCompleted called. This method no longer throws an Exception. It just silently does nothing. Ok, except for this logging message
2020-03-12 09:59:39,889 INFO  ExportPropertyManager.cs: 1178 - OnNumberBoxTrackingCompleted called. This method no longer throws an Exception. It just silently does nothing. Ok, except for this logging message
2020-03-12 10:00:15,655 INFO  ExportPropertyManager.cs: 1060 - OnComboboxSelectionChanged called. This method no longer throws an Exception. It just silently does nothing. Ok, except for this logging message
2020-03-12 10:00:21,880 INFO  ExportPropertyManager.cs: 1078 - OnListboxSelectionChanged called. This method no longer throws an Exception. It just silently does nothing. Ok, except for this logging message
2020-03-12 10:01:28,813 INFO  ExportPropertyManager.cs: 456 - Configuration saved
2020-03-12 10:01:36,051 INFO  ExportHelperExtension.cs: 338 - Creating joint wheel_right
2020-03-12 10:01:36,057 INFO  ExportHelperExtension.cs: 1409 - Fixing components for robot_body
2020-03-12 10:01:36,058 INFO  ExportHelperExtension.cs: 1414 - Fixing 24
2020-03-12 10:01:36,059 INFO  ExportHelperExtension.cs: 1414 - Fixing 26
2020-03-12 10:01:36,059 INFO  ExportHelperExtension.cs: 1414 - Fixing 32
2020-03-12 10:01:36,059 INFO  ExportHelperExtension.cs: 1414 - Fixing 160
2020-03-12 10:01:36,060 INFO  ExportHelperExtension.cs: 1414 - Fixing 138
2020-03-12 10:01:36,060 INFO  ExportHelperExtension.cs: 1414 - Fixing 24
2020-03-12 10:01:36,060 INFO  ExportHelperExtension.cs: 1414 - Fixing 25
2020-03-12 10:01:36,061 INFO  ExportHelperExtension.cs: 1414 - Fixing 42
2020-03-12 10:01:36,061 INFO  ExportHelperExtension.cs: 1414 - Fixing 25
2020-03-12 10:01:36,061 INFO  ExportHelperExtension.cs: 1414 - Fixing 42
2020-03-12 10:01:36,062 INFO  ExportHelperExtension.cs: 1414 - Fixing 154
2020-03-12 10:01:36,062 INFO  ExportHelperExtension.cs: 1414 - Fixing 24
2020-03-12 10:01:36,062 INFO  ExportHelperExtension.cs: 1414 - Fixing 25
2020-03-12 10:01:36,062 INFO  ExportHelperExtension.cs: 1414 - Fixing 24
2020-03-12 10:01:36,063 INFO  ExportHelperExtension.cs: 1414 - Fixing 26
2020-03-12 10:01:38,206 INFO  ExportHelperExtension.cs: 835 - R1: 0, 0
2020-03-12 10:01:38,207 INFO  ExportHelperExtension.cs: 844 - R2: 0, 0
2020-03-12 10:01:38,207 INFO  ExportHelperExtension.cs: 852 - L1: 0
2020-03-12 10:01:38,207 INFO  ExportHelperExtension.cs: 860 - L2: 0
2020-03-12 10:01:38,241 INFO  ExportHelperExtension.cs: 1364 - Unfixing component 24
2020-03-12 10:01:38,241 INFO  ExportHelperExtension.cs: 1364 - Unfixing component 26
2020-03-12 10:01:38,241 INFO  ExportHelperExtension.cs: 1364 - Unfixing component 32
2020-03-12 10:01:38,242 INFO  ExportHelperExtension.cs: 1364 - Unfixing component 160
2020-03-12 10:01:38,242 INFO  ExportHelperExtension.cs: 1364 - Unfixing component 138
2020-03-12 10:01:38,242 INFO  ExportHelperExtension.cs: 1364 - Unfixing component 24
2020-03-12 10:01:38,243 INFO  ExportHelperExtension.cs: 1364 - Unfixing component 25
2020-03-12 10:01:38,243 INFO  ExportHelperExtension.cs: 1364 - Unfixing component 42
2020-03-12 10:01:38,243 INFO  ExportHelperExtension.cs: 1364 - Unfixing component 25
2020-03-12 10:01:38,244 INFO  ExportHelperExtension.cs: 1364 - Unfixing component 42
2020-03-12 10:01:38,244 INFO  ExportHelperExtension.cs: 1364 - Unfixing component 154
2020-03-12 10:01:38,244 INFO  ExportHelperExtension.cs: 1364 - Unfixing component 24
2020-03-12 10:01:38,244 INFO  ExportHelperExtension.cs: 1364 - Unfixing component 25
2020-03-12 10:01:38,245 INFO  ExportHelperExtension.cs: 1364 - Unfixing component 24
2020-03-12 10:01:38,245 INFO  ExportHelperExtension.cs: 1364 - Unfixing component 26
2020-03-12 10:01:43,518 WARN  ExportHelperExtension.cs: 342 - Creating joint from parent robot_body to child wheel_right failed
2020-03-12 10:01:43,555 INFO  ExportHelperExtension.cs: 338 - Creating joint wheel_left
2020-03-12 10:01:43,556 INFO  ExportHelperExtension.cs: 1409 - Fixing components for robot_body
2020-03-12 10:01:43,556 INFO  ExportHelperExtension.cs: 1414 - Fixing 24
2020-03-12 10:01:43,556 INFO  ExportHelperExtension.cs: 1414 - Fixing 26
2020-03-12 10:01:43,557 INFO  ExportHelperExtension.cs: 1414 - Fixing 32
2020-03-12 10:01:43,557 INFO  ExportHelperExtension.cs: 1414 - Fixing 160
2020-03-12 10:01:43,557 INFO  ExportHelperExtension.cs: 1414 - Fixing 138
2020-03-12 10:01:43,557 INFO  ExportHelperExtension.cs: 1414 - Fixing 24
2020-03-12 10:01:43,558 INFO  ExportHelperExtension.cs: 1414 - Fixing 25
2020-03-12 10:01:43,558 INFO  ExportHelperExtension.cs: 1414 - Fixing 42
2020-03-12 10:01:43,558 INFO  ExportHelperExtension.cs: 1414 - Fixing 25
2020-03-12 10:01:43,559 INFO  ExportHelperExtension.cs: 1414 - Fixing 42
2020-03-12 10:01:43,560 INFO  ExportHelperExtension.cs: 1414 - Fixing 154
2020-03-12 10:01:43,563 INFO  ExportHelperExtension.cs: 1414 - Fixing 24
2020-03-12 10:01:43,563 INFO  ExportHelperExtension.cs: 1414 - Fixing 25
2020-03-12 10:01:43,563 INFO  ExportHelperExtension.cs: 1414 - Fixing 24
2020-03-12 10:01:43,563 INFO  ExportHelperExtension.cs: 1414 - Fixing 26
2020-03-12 10:01:45,608 INFO  ExportHelperExtension.cs: 835 - R1: 0, 0
2020-03-12 10:01:45,608 INFO  ExportHelperExtension.cs: 844 - R2: 0, 0
2020-03-12 10:01:45,609 INFO  ExportHelperExtension.cs: 852 - L1: 0
2020-03-12 10:01:45,609 INFO  ExportHelperExtension.cs: 860 - L2: 0
2020-03-12 10:01:45,610 INFO  ExportHelperExtension.cs: 1364 - Unfixing component 24
2020-03-12 10:01:45,610 INFO  ExportHelperExtension.cs: 1364 - Unfixing component 26
2020-03-12 10:01:45,611 INFO  ExportHelperExtension.cs: 1364 - Unfixing component 32
2020-03-12 10:01:45,611 INFO  ExportHelperExtension.cs: 1364 - Unfixing component 160
2020-03-12 10:01:45,612 INFO  ExportHelperExtension.cs: 1364 - Unfixing component 138
2020-03-12 10:01:45,612 INFO  ExportHelperExtension.cs: 1364 - Unfixing component 24
2020-03-12 10:01:45,613 INFO  ExportHelperExtension.cs: 1364 - Unfixing component 25
2020-03-12 10:01:45,613 INFO  ExportHelperExtension.cs: 1364 - Unfixing component 42
2020-03-12 10:01:45,614 INFO  ExportHelperExtension.cs: 1364 - Unfixing component 25
2020-03-12 10:01:45,614 INFO  ExportHelperExtension.cs: 1364 - Unfixing component 42
2020-03-12 10:01:45,615 INFO  ExportHelperExtension.cs: 1364 - Unfixing component 154
2020-03-12 10:01:45,615 INFO  ExportHelperExtension.cs: 1364 - Unfixing component 24
2020-03-12 10:01:45,615 INFO  ExportHelperExtension.cs: 1364 - Unfixing component 25
2020-03-12 10:01:45,616 INFO  ExportHelperExtension.cs: 1364 - Unfixing component 24
2020-03-12 10:01:45,616 INFO  ExportHelperExtension.cs: 1364 - Unfixing component 26
2020-03-12 10:01:51,224 WARN  ExportHelperExtension.cs: 342 - Creating joint from parent robot_body to child wheel_left failed
2020-03-12 10:01:51,258 INFO  ExportHelperExtension.cs: 338 - Creating joint elevator
2020-03-12 10:01:51,259 INFO  ExportHelperExtension.cs: 1409 - Fixing components for robot_body
2020-03-12 10:01:51,259 INFO  ExportHelperExtension.cs: 1414 - Fixing 24
2020-03-12 10:01:51,259 INFO  ExportHelperExtension.cs: 1414 - Fixing 26
2020-03-12 10:01:51,260 INFO  ExportHelperExtension.cs: 1414 - Fixing 32
2020-03-12 10:01:51,260 INFO  ExportHelperExtension.cs: 1414 - Fixing 160
2020-03-12 10:01:51,260 INFO  ExportHelperExtension.cs: 1414 - Fixing 138
2020-03-12 10:01:51,261 INFO  ExportHelperExtension.cs: 1414 - Fixing 24
2020-03-12 10:01:51,261 INFO  ExportHelperExtension.cs: 1414 - Fixing 25
2020-03-12 10:01:51,261 INFO  ExportHelperExtension.cs: 1414 - Fixing 42
2020-03-12 10:01:51,261 INFO  ExportHelperExtension.cs: 1414 - Fixing 25
2020-03-12 10:01:51,262 INFO  ExportHelperExtension.cs: 1414 - Fixing 42
2020-03-12 10:01:51,262 INFO  ExportHelperExtension.cs: 1414 - Fixing 154
2020-03-12 10:01:51,262 INFO  ExportHelperExtension.cs: 1414 - Fixing 24
2020-03-12 10:01:51,263 INFO  ExportHelperExtension.cs: 1414 - Fixing 25
2020-03-12 10:01:51,263 INFO  ExportHelperExtension.cs: 1414 - Fixing 24
2020-03-12 10:01:51,263 INFO  ExportHelperExtension.cs: 1414 - Fixing 26
2020-03-12 10:01:52,914 INFO  ExportHelperExtension.cs: 835 - R1: 0, 0
2020-03-12 10:01:52,915 INFO  ExportHelperExtension.cs: 844 - R2: 0, 0
2020-03-12 10:01:52,915 INFO  ExportHelperExtension.cs: 852 - L1: 0
2020-03-12 10:01:52,915 INFO  ExportHelperExtension.cs: 860 - L2: 0
2020-03-12 10:01:52,916 INFO  ExportHelperExtension.cs: 1364 - Unfixing component 24
2020-03-12 10:01:52,916 INFO  ExportHelperExtension.cs: 1364 - Unfixing component 26
2020-03-12 10:01:52,916 INFO  ExportHelperExtension.cs: 1364 - Unfixing component 32
2020-03-12 10:01:52,917 INFO  ExportHelperExtension.cs: 1364 - Unfixing component 160
2020-03-12 10:01:52,917 INFO  ExportHelperExtension.cs: 1364 - Unfixing component 138
2020-03-12 10:01:52,917 INFO  ExportHelperExtension.cs: 1364 - Unfixing component 24
2020-03-12 10:01:52,917 INFO  ExportHelperExtension.cs: 1364 - Unfixing component 25
2020-03-12 10:01:52,918 INFO  ExportHelperExtension.cs: 1364 - Unfixing component 42
2020-03-12 10:01:52,918 INFO  ExportHelperExtension.cs: 1364 - Unfixing component 25
2020-03-12 10:01:52,918 INFO  ExportHelperExtension.cs: 1364 - Unfixing component 42
2020-03-12 10:01:52,919 INFO  ExportHelperExtension.cs: 1364 - Unfixing component 154
2020-03-12 10:01:52,919 INFO  ExportHelperExtension.cs: 1364 - Unfixing component 24
2020-03-12 10:01:52,919 INFO  ExportHelperExtension.cs: 1364 - Unfixing component 25
2020-03-12 10:01:52,919 INFO  ExportHelperExtension.cs: 1364 - Unfixing component 24
2020-03-12 10:01:52,920 INFO  ExportHelperExtension.cs: 1364 - Unfixing component 26
2020-03-12 10:01:58,209 WARN  ExportHelperExtension.cs: 342 - Creating joint from parent robot_body to child elevator failed
2020-03-12 10:01:58,704 INFO  ExportHelperExtension.cs: 1131 - Retrieving features of type [CoordSys] from main_1.SLDASM
2020-03-12 10:01:58,711 INFO  ExportHelperExtension.cs: 1142 - Found 87 in main_1.SLDASM
2020-03-12 10:01:58,712 INFO  ExportHelperExtension.cs: 1152 - Found 4 features of type [CoordSys] in main_1.SLDASM
2020-03-12 10:01:58,712 INFO  ExportHelperExtension.cs: 1155 - Proceeding through assembly components
2020-03-12 10:01:58,713 INFO  ExportHelperExtension.cs: 1167 - 17 components to check
2020-03-12 10:01:58,713 INFO  ExportHelperExtension.cs: 1131 - Retrieving features of type [CoordSys] from wheel_assem.SLDPRT-1
2020-03-12 10:01:58,714 INFO  ExportHelperExtension.cs: 1142 - Found 50 in wheel_assem.SLDPRT-1
2020-03-12 10:01:58,714 INFO  ExportHelperExtension.cs: 1152 - Found 0 features of type [CoordSys] in wheel_assem.SLDPRT-1
2020-03-12 10:01:58,715 INFO  ExportHelperExtension.cs: 1131 - Retrieving features of type [CoordSys] from chassis_main-1
2020-03-12 10:01:58,717 INFO  ExportHelperExtension.cs: 1142 - Found 290 in chassis_main-1
2020-03-12 10:01:58,720 INFO  ExportHelperExtension.cs: 1152 - Found 0 features of type [CoordSys] in chassis_main-1
2020-03-12 10:01:58,721 INFO  ExportHelperExtension.cs: 1131 - Retrieving features of type [CoordSys] from Lidar_front-1
2020-03-12 10:01:58,721 INFO  ExportHelperExtension.cs: 1142 - Found 29 in Lidar_front-1
2020-03-12 10:01:58,722 INFO  ExportHelperExtension.cs: 1152 - Found 0 features of type [CoordSys] in Lidar_front-1
2020-03-12 10:01:58,722 INFO  ExportHelperExtension.cs: 1131 - Retrieving features of type [CoordSys] from Lidar_back-1
2020-03-12 10:01:58,723 INFO  ExportHelperExtension.cs: 1142 - Found 28 in Lidar_back-1
2020-03-12 10:01:58,723 INFO  ExportHelperExtension.cs: 1152 - Found 0 features of type [CoordSys] in Lidar_back-1
2020-03-12 10:01:58,724 INFO  ExportHelperExtension.cs: 1131 - Retrieving features of type [CoordSys] from wheel_assem.SLDPRT-2
2020-03-12 10:01:58,724 INFO  ExportHelperExtension.cs: 1142 - Found 50 in wheel_assem.SLDPRT-2
2020-03-12 10:01:58,725 INFO  ExportHelperExtension.cs: 1152 - Found 0 features of type [CoordSys] in wheel_assem.SLDPRT-2
2020-03-12 10:01:58,726 INFO  ExportHelperExtension.cs: 1131 - Retrieving features of type [CoordSys] from omniWheel_cart-1
2020-03-12 10:01:58,726 INFO  ExportHelperExtension.cs: 1142 - Found 32 in omniWheel_cart-1
2020-03-12 10:01:58,727 INFO  ExportHelperExtension.cs: 1152 - Found 0 features of type [CoordSys] in omniWheel_cart-1
2020-03-12 10:01:58,728 INFO  ExportHelperExtension.cs: 1131 - Retrieving features of type [CoordSys] from drive_unit_4_R-1
2020-03-12 10:01:58,729 INFO  ExportHelperExtension.cs: 1142 - Found 37 in drive_unit_4_R-1
2020-03-12 10:01:58,735 INFO  ExportHelperExtension.cs: 1152 - Found 0 features of type [CoordSys] in drive_unit_4_R-1
2020-03-12 10:01:58,735 INFO  ExportHelperExtension.cs: 1131 - Retrieving features of type [CoordSys] from omniWheel_cart-2
2020-03-12 10:01:58,736 INFO  ExportHelperExtension.cs: 1142 - Found 32 in omniWheel_cart-2
2020-03-12 10:01:58,736 INFO  ExportHelperExtension.cs: 1152 - Found 0 features of type [CoordSys] in omniWheel_cart-2
2020-03-12 10:01:58,736 INFO  ExportHelperExtension.cs: 1131 - Retrieving features of type [CoordSys] from electronics_main-1
2020-03-12 10:01:58,737 INFO  ExportHelperExtension.cs: 1142 - Found 61 in electronics_main-1
2020-03-12 10:01:58,738 INFO  ExportHelperExtension.cs: 1152 - Found 0 features of type [CoordSys] in electronics_main-1
2020-03-12 10:01:58,738 INFO  ExportHelperExtension.cs: 1131 - Retrieving features of type [CoordSys] from drive_unit_4_L-1
2020-03-12 10:01:58,738 INFO  ExportHelperExtension.cs: 1142 - Found 36 in drive_unit_4_L-1
2020-03-12 10:01:58,739 INFO  ExportHelperExtension.cs: 1152 - Found 0 features of type [CoordSys] in drive_unit_4_L-1
2020-03-12 10:01:58,739 INFO  ExportHelperExtension.cs: 1131 - Retrieving features of type [CoordSys] from linear_motion-2
2020-03-12 10:01:58,740 INFO  ExportHelperExtension.cs: 1142 - Found 48 in linear_motion-2
2020-03-12 10:01:58,740 INFO  ExportHelperExtension.cs: 1152 - Found 0 features of type [CoordSys] in linear_motion-2
2020-03-12 10:01:58,744 INFO  ExportHelperExtension.cs: 1131 - Retrieving features of type [RefAxis] from main_1.SLDASM
2020-03-12 10:01:58,747 INFO  ExportHelperExtension.cs: 1142 - Found 87 in main_1.SLDASM
2020-03-12 10:01:58,748 INFO  ExportHelperExtension.cs: 1152 - Found 0 features of type [RefAxis] in main_1.SLDASM
2020-03-12 10:01:58,748 INFO  ExportHelperExtension.cs: 1155 - Proceeding through assembly components
2020-03-12 10:01:58,749 INFO  ExportHelperExtension.cs: 1167 - 17 components to check
2020-03-12 10:01:58,749 INFO  ExportHelperExtension.cs: 1131 - Retrieving features of type [RefAxis] from wheel_assem.SLDPRT-1
2020-03-12 10:01:58,998 INFO  ExportHelperExtension.cs: 1142 - Found 50 in wheel_assem.SLDPRT-1
2020-03-12 10:01:58,999 INFO  ExportHelperExtension.cs: 1152 - Found 0 features of type [RefAxis] in wheel_assem.SLDPRT-1
2020-03-12 10:01:58,999 INFO  ExportHelperExtension.cs: 1131 - Retrieving features of type [RefAxis] from chassis_main-1
2020-03-12 10:01:59,000 INFO  ExportHelperExtension.cs: 1142 - Found 290 in chassis_main-1
2020-03-12 10:01:59,002 INFO  ExportHelperExtension.cs: 1152 - Found 0 features of type [RefAxis] in chassis_main-1
2020-03-12 10:01:59,002 INFO  ExportHelperExtension.cs: 1131 - Retrieving features of type [RefAxis] from Lidar_front-1
2020-03-12 10:01:59,003 INFO  ExportHelperExtension.cs: 1142 - Found 29 in Lidar_front-1
2020-03-12 10:01:59,004 INFO  ExportHelperExtension.cs: 1152 - Found 0 features of type [RefAxis] in Lidar_front-1
2020-03-12 10:01:59,004 INFO  ExportHelperExtension.cs: 1131 - Retrieving features of type [RefAxis] from Lidar_back-1
2020-03-12 10:01:59,004 INFO  ExportHelperExtension.cs: 1142 - Found 28 in Lidar_back-1
2020-03-12 10:01:59,005 INFO  ExportHelperExtension.cs: 1152 - Found 0 features of type [RefAxis] in Lidar_back-1
2020-03-12 10:01:59,005 INFO  ExportHelperExtension.cs: 1131 - Retrieving features of type [RefAxis] from wheel_assem.SLDPRT-2
2020-03-12 10:01:59,006 INFO  ExportHelperExtension.cs: 1142 - Found 50 in wheel_assem.SLDPRT-2
2020-03-12 10:01:59,006 INFO  ExportHelperExtension.cs: 1152 - Found 0 features of type [RefAxis] in wheel_assem.SLDPRT-2
2020-03-12 10:01:59,012 INFO  ExportHelperExtension.cs: 1131 - Retrieving features of type [RefAxis] from omniWheel_cart-1
2020-03-12 10:01:59,021 INFO  ExportHelperExtension.cs: 1142 - Found 32 in omniWheel_cart-1
2020-03-12 10:01:59,021 INFO  ExportHelperExtension.cs: 1152 - Found 0 features of type [RefAxis] in omniWheel_cart-1
2020-03-12 10:01:59,022 INFO  ExportHelperExtension.cs: 1131 - Retrieving features of type [RefAxis] from drive_unit_4_R-1
2020-03-12 10:01:59,022 INFO  ExportHelperExtension.cs: 1142 - Found 37 in drive_unit_4_R-1
2020-03-12 10:01:59,023 INFO  ExportHelperExtension.cs: 1152 - Found 0 features of type [RefAxis] in drive_unit_4_R-1
2020-03-12 10:01:59,023 INFO  ExportHelperExtension.cs: 1131 - Retrieving features of type [RefAxis] from omniWheel_cart-2
2020-03-12 10:01:59,023 INFO  ExportHelperExtension.cs: 1142 - Found 32 in omniWheel_cart-2
2020-03-12 10:01:59,024 INFO  ExportHelperExtension.cs: 1152 - Found 0 features of type [RefAxis] in omniWheel_cart-2
2020-03-12 10:01:59,024 INFO  ExportHelperExtension.cs: 1131 - Retrieving features of type [RefAxis] from electronics_main-1
2020-03-12 10:01:59,025 INFO  ExportHelperExtension.cs: 1142 - Found 61 in electronics_main-1
2020-03-12 10:01:59,025 INFO  ExportHelperExtension.cs: 1152 - Found 0 features of type [RefAxis] in electronics_main-1
2020-03-12 10:01:59,025 INFO  ExportHelperExtension.cs: 1131 - Retrieving features of type [RefAxis] from drive_unit_4_L-1
2020-03-12 10:01:59,026 INFO  ExportHelperExtension.cs: 1142 - Found 36 in drive_unit_4_L-1
2020-03-12 10:01:59,027 INFO  ExportHelperExtension.cs: 1152 - Found 0 features of type [RefAxis] in drive_unit_4_L-1
2020-03-12 10:01:59,027 INFO  ExportHelperExtension.cs: 1131 - Retrieving features of type [RefAxis] from linear_motion-2
2020-03-12 10:01:59,028 INFO  ExportHelperExtension.cs: 1142 - Found 48 in linear_motion-2
2020-03-12 10:01:59,028 INFO  ExportHelperExtension.cs: 1152 - Found 0 features of type [RefAxis] in linear_motion-2
2020-03-12 10:01:59,190 INFO  ExportPropertyManager.cs: 1184 - AfterClose called. This method no longer throws an Exception. It just silently does nothing. Ok, except for this logging message
2020-03-12 10:05:36,881 INFO  AssemblyExportForm.cs: 254 - Completing URDF export
2020-03-12 10:05:36,888 INFO  Serialization.cs: 275 - URDF Configuration found
<Link z:Id="i1" xmlns="http://schemas.datacontract.org/2004/07/SW2URDF" xmlns:i="http://www.w3.org/2001/XMLSchema-instance" xmlns:z="http://schemas.microsoft.com/2003/10/Serialization/"><Attributes><Attribute z:Id="i2"><AttributeType>name</AttributeType><IsRequired>true</IsRequired><Value i:type="a:string" xmlns:a="http://www.w3.org/2001/XMLSchema">robot_body</Value></Attribute></Attributes><ChildElements><URDFElement z:Id="i3" i:type="Inertial"><Attributes/><ChildElements><URDFElement z:Id="i4" i:type="Origin"><Attributes><Attribute z:Id="i5"><AttributeType>xyz</AttributeType><IsRequired>true</IsRequired><Value i:type="a:ArrayOfdouble" xmlns:a="http://schemas.microsoft.com/2003/10/Serialization/Arrays"><a:double>0</a:double><a:double>0</a:double><a:double>0</a:double></Value></Attribute><Attribute z:Id="i6"><AttributeType>rpy</AttributeType><IsRequired>true</IsRequired><Value i:type="a:ArrayOfdouble" xmlns:a="http://schemas.microsoft.com/2003/10/Serialization/Arrays"><a:double>0</a:double><a:double>0</a:double><a:double>0</a:double></Value></Attribute></Attributes><ChildElements/><ElementName>origin</ElementName><required>false</required><RPYAttribute z:Ref="i6"/><XYZAttribute z:Ref="i5"/><isCustomized>false</isCustomized></URDFElement><URDFElement z:Id="i7" i:type="Mass"><Attributes><Attribute z:Id="i8"><AttributeType>value</AttributeType><IsRequired>true</IsRequired><Value i:type="a:double" xmlns:a="http://www.w3.org/2001/XMLSchema">0</Value></Attribute></Attributes><ChildElements/><ElementName>mass</ElementName><required>false</required><ValueAttribute z:Ref="i8"/></URDFElement><URDFElement z:Id="i9" i:type="Inertia"><Attributes><Attribute z:Id="i10"><AttributeType>ixx</AttributeType><IsRequired>true</IsRequired><Value i:type="a:double" xmlns:a="http://www.w3.org/2001/XMLSchema">0</Value></Attribute><Attribute z:Id="i11"><AttributeType>ixy</AttributeType><IsRequired>true</IsRequired><Value i:type="a:double" xmlns:a="http://www.w3.org/2001/XMLSchema">0</Value></Attribute><Attribute z:Id="i12"><AttributeType>ixz</AttributeType><IsRequired>true</IsRequired><Value i:type="a:double" xmlns:a="http://www.w3.org/2001/XMLSchema">0</Value></Attribute><Attribute z:Id="i13"><AttributeType>iyy</AttributeType><IsRequired>true</IsRequired><Value i:type="a:double" xmlns:a="http://www.w3.org/2001/XMLSchema">0</Value></Attribute><Attribute z:Id="i14"><AttributeType>iyz</AttributeType><IsRequired>true</IsRequired><Value i:type="a:double" xmlns:a="http://www.w3.org/2001/XMLSchema">0</Value></Attribute><Attribute z:Id="i15"><AttributeType>izz</AttributeType><IsRequired>true</IsRequired><Value i:type="a:double" xmlns:a="http://www.w3.org/2001/XMLSchema">0</Value></Attribute></Attributes><ChildElements/><ElementName>inertia</ElementName><required>false</required><IxxAttribute z:Ref="i10"/><IxyAttribute z:Ref="i11"/><IxzAttribute z:Ref="i12"/><IyyAttribute z:Ref="i13"/><IyzAttribute z:Ref="i14"/><IzzAttribute z:Ref="i15"/></URDFElement></ChildElements><ElementName>inertial</ElementName><required>false</required><Inertia z:Ref="i9"/><Mass z:Ref="i7"/><Origin z:Ref="i4"/></URDFElement><URDFElement z:Id="i16" i:type="Visual"><Attributes/><ChildElements><URDFElement z:Id="i17" i:type="Origin"><Attributes><Attribute z:Id="i18"><AttributeType>xyz</AttributeType><IsRequired>true</IsRequired><Value i:type="a:ArrayOfdouble" xmlns:a="http://schemas.microsoft.com/2003/10/Serialization/Arrays"><a:double>0</a:double><a:double>0</a:double><a:double>0</a:double></Value></Attribute><Attribute z:Id="i19"><AttributeType>rpy</AttributeType><IsRequired>true</IsRequired><Value i:type="a:ArrayOfdouble" xmlns:a="http://schemas.microsoft.com/2003/10/Serialization/Arrays"><a:double>0</a:double><a:double>0</a:double><a:double>0</a:double></Value></Attribute></Attributes><ChildElements/><ElementName>origin</ElementName><required>false</required><RPYAttribute z:Ref="i19"/><XYZAttribute z:Ref="i18"/><isCustomized>false</isCustomized></URDFElement><URDFElement z:Id="i20" i:type="Geometry"><Attributes/><ChildElements><URDFElement z:Id="i21" i:type="Mesh"><Attributes><Attribute z:Id="i22"><AttributeType>filename</AttributeType><IsRequired>true</IsRequired><Value i:nil="true"/></Attribute></Attributes><ChildElements/><ElementName>mesh</ElementName><required>false</required><FilenameAttribute z:Ref="i22"/></URDFElement></ChildElements><ElementName>geometry</ElementName><required>true</required><Mesh z:Ref="i21"/></URDFElement><URDFElement z:Id="i23" i:type="Material"><Attributes><Attribute z:Id="i24"><AttributeType>name</AttributeType><IsRequired>true</IsRequired><Value i:type="a:string" xmlns:a="http://www.w3.org/2001/XMLSchema"/></Attribute></Attributes><ChildElements><URDFElement z:Id="i25" i:type="Color"><Attributes><Attribute z:Id="i26"><AttributeType>rgba</AttributeType><IsRequired>true</IsRequired><Value i:type="a:ArrayOfdouble" xmlns:a="http://schemas.microsoft.com/2003/10/Serialization/Arrays"><a:double>1</a:double><a:double>1</a:double><a:double>1</a:double><a:double>1</a:double></Value></Attribute></Attributes><ChildElements/><ElementName>color</ElementName><required>false</required><RGBAAttribute z:Ref="i26"/></URDFElement><URDFElement z:Id="i27" i:type="Texture"><Attributes><Attribute z:Id="i28"><AttributeType>filename</AttributeType><IsRequired>true</IsRequired><Value i:nil="true"/></Attribute></Attributes><ChildElements/><ElementName>texture</ElementName><required>false</required><FilenameAttribute z:Ref="i28"/><wFilename/></URDFElement></ChildElements><ElementName>material</ElementName><required>false</required><Color z:Ref="i25"/><NameAttribute z:Ref="i24"/><Texture z:Ref="i27"/></URDFElement></ChildElements><ElementName>visual</ElementName><required>false</required><Geometry z:Ref="i20"/><Material z:Ref="i23"/><Origin z:Ref="i17"/></URDFElement><URDFElement z:Id="i29" i:type="Collision"><Attributes/><ChildElements><URDFElement z:Id="i30" i:type="Origin"><Attributes><Attribute z:Id="i31"><AttributeType>xyz</AttributeType><IsRequired>true</IsRequired><Value i:type="a:ArrayOfdouble" xmlns:a="http://schemas.microsoft.com/2003/10/Serialization/Arrays"><a:double>0</a:double><a:double>0</a:double><a:double>0</a:double></Value></Attribute><Attribute z:Id="i32"><AttributeType>rpy</AttributeType><IsRequired>true</IsRequired><Value i:type="a:ArrayOfdouble" xmlns:a="http://schemas.microsoft.com/2003/10/Serialization/Arrays"><a:double>0</a:double><a:double>0</a:double><a:double>0</a:double></Value></Attribute></Attributes><ChildElements/><ElementName>origin</ElementName><required>false</required><RPYAttribute z:Ref="i32"/><XYZAttribute z:Ref="i31"/><isCustomized>false</isCustomized></URDFElement><URDFElement z:Id="i33" i:type="Geometry"><Attributes/><ChildElements><URDFElement z:Id="i34" i:type="Mesh"><Attributes><Attribute z:Id="i35"><AttributeType>filename</AttributeType><IsRequired>true</IsRequired><Value i:nil="true"/></Attribute></Attributes><ChildElements/><ElementName>mesh</ElementName><required>false</required><FilenameAttribute z:Ref="i35"/></URDFElement></ChildElements><ElementName>geometry</ElementName><required>true</required><Mesh z:Ref="i34"/></URDFElement></ChildElements><ElementName>collision</ElementName><required>false</required><Geometry z:Ref="i33"/><Origin z:Ref="i30"/></URDFElement><URDFElement z:Id="i36" i:type="Joint"><Attributes><Attribute z:Id="i37"><AttributeType>name</AttributeType><IsRequired>true</IsRequired><Value i:type="a:string" xmlns:a="http://www.w3.org/2001/XMLSchema"/></Attribute><Attribute z:Id="i38"><AttributeType>type</AttributeType><IsRequired>true</IsRequired><Value i:type="a:string" xmlns:a="http://www.w3.org/2001/XMLSchema"/></Attribute></Attributes><ChildElements><URDFElement z:Id="i39" i:type="Origin"><Attributes><Attribute z:Id="i40"><AttributeType>xyz</AttributeType><IsRequired>true</IsRequired><Value i:type="a:ArrayOfdouble" xmlns:a="http://schemas.microsoft.com/2003/10/Serialization/Arrays"><a:double>0</a:double><a:double>0</a:double><a:double>0</a:double></Value></Attribute><Attribute z:Id="i41"><AttributeType>rpy</AttributeType><IsRequired>true</IsRequired><Value i:type="a:ArrayOfdouble" xmlns:a="http://schemas.microsoft.com/2003/10/Serialization/Arrays"><a:double>0</a:double><a:double>0</a:double><a:double>0</a:double></Value></Attribute></Attributes><ChildElements/><ElementName>origin</ElementName><required>false</required><RPYAttribute z:Ref="i41"/><XYZAttribute z:Ref="i40"/><isCustomized>false</isCustomized></URDFElement><URDFElement z:Id="i42" i:type="ParentLink"><Attributes><Attribute z:Id="i43"><AttributeType>link</AttributeType><IsRequired>true</IsRequired><Value i:type="a:string" xmlns:a="http://www.w3.org/2001/XMLSchema"/></Attribute></Attributes><ChildElements/><ElementName>parent</ElementName><required>true</required><NameAttribute z:Ref="i43"/></URDFElement><URDFElement z:Id="i44" i:type="ChildLink"><Attributes><Attribute z:Id="i45"><AttributeType>link</AttributeType><IsRequired>true</IsRequired><Value i:type="a:string" xmlns:a="http://www.w3.org/2001/XMLSchema"/></Attribute></Attributes><ChildElements/><ElementName>child</ElementName><required>true</required><NameAttribute z:Ref="i45"/></URDFElement><URDFElement z:Id="i46" i:type="Axis"><Attributes><Attribute z:Id="i47"><AttributeType>xyz</AttributeType><IsRequired>true</IsRequired><Value i:type="a:ArrayOfdouble" xmlns:a="http://schemas.microsoft.com/2003/10/Serialization/Arrays"><a:double>0</a:double><a:double>0</a:double><a:double>0</a:double></Value></Attribute></Attributes><ChildElements/><ElementName>axis</ElementName><required>false</required><XYZAttribute z:Ref="i47"/></URDFElement><URDFElement z:Id="i48" i:type="Limit"><Attributes><Attribute z:Id="i49"><AttributeType>lower</AttributeType><IsRequired>false</IsRequired><Value i:nil="true"/></Attribute><Attribute z:Id="i50"><AttributeType>upper</AttributeType><IsRequired>false</IsRequired><Value i:nil="true"/></Attribute><Attribute z:Id="i51"><AttributeType>effort</AttributeType><IsRequired>true</IsRequired><Value i:nil="true"/></Attribute><Attribute z:Id="i52"><AttributeType>velocity</AttributeType><IsRequired>true</IsRequired><Value i:nil="true"/></Attribute></Attributes><ChildElements/><ElementName>limit</ElementName><required>false</required><EffortAttribute z:Ref="i51"/><LowerAttribute z:Ref="i49"/><UpperAttribute z:Ref="i50"/><VelocityAttribute z:Ref="i52"/></URDFElement><URDFElement z:Id="i53" i:type="Calibration"><Attributes><Attribute z:Id="i54"><AttributeType>rising</AttributeType><IsRequired>false</IsRequired><Value i:nil="true"/></Attribute><Attribute z:Id="i55"><AttributeType>falling</AttributeType><IsRequired>false</IsRequired><Value i:nil="true"/></Attribute></Attributes><ChildElements/><ElementName>calibration</ElementName><required>false</required><FallingAttribute z:Ref="i55"/><RisingAttribute z:Ref="i54"/></URDFElement><URDFElement z:Id="i56" i:type="Dynamics"><Attributes><Attribute z:Id="i57"><AttributeType>damping</AttributeType><IsRequired>false</IsRequired><Value i:nil="true"/></Attribute><Attribute z:Id="i58"><AttributeType>friction</AttributeType><IsRequired>false</IsRequired><Value i:nil="true"/></Attribute></Attributes><ChildElements/><ElementName>dynamics</ElementName><required>false</required><DampingAttribute z:Ref="i57"/><FrictionAttribute z:Ref="i58"/></URDFElement><URDFElement z:Id="i59" i:type="SafetyController"><Attributes><Attribute z:Id="i60"><AttributeType>soft_upper</AttributeType><IsRequired>false</IsRequired><Value i:nil="true"/></Attribute><Attribute z:Id="i61"><AttributeType>soft_lower</AttributeType><IsRequired>false</IsRequired><Value i:nil="true"/></Attribute><Attribute z:Id="i62"><AttributeType>k_position</AttributeType><IsRequired>false</IsRequired><Value i:nil="true"/></Attribute><Attribute z:Id="i63"><AttributeType>k_velocity</AttributeType><IsRequired>true</IsRequired><Value i:nil="true"/></Attribute></Attributes><ChildElements/><ElementName>safety_controller</ElementName><required>false</required><KPositionAttribute z:Ref="i62"/><KVelocityAttribute z:Ref="i63"/><SoftLowerAttribute z:Ref="i61"/><SoftUpperAttribute z:Ref="i60"/></URDFElement><URDFElement z:Id="i64" i:type="Mimic"><Attributes><Attribute z:Id="i65"><AttributeType>joint</AttributeType><IsRequired>true</IsRequired><Value i:nil="true"/></Attribute><Attribute z:Id="i66"><AttributeType>multiplier</AttributeType><IsRequired>false</IsRequired><Value i:nil="true"/></Attribute><Attribute z:Id="i67"><AttributeType>offset</AttributeType><IsRequired>false</IsRequired><Value i:nil="true"/></Attribute></Attributes><ChildElements/><ElementName>mimic</ElementName><required>false</required><JointNameAttribute z:Ref="i65"/><MultiplierAttribute z:Ref="i66"/><OffsetAttribute z:Ref="i67"/></URDFElement></ChildElements><ElementName>joint</ElementName><required>false</required><Axis z:Ref="i46"/><AxisName/><Calibration z:Ref="i53"/><Child z:Ref="i44"/><CoordinateSystemName>Automatically Generate</CoordinateSystemName><Dynamics z:Ref="i56"/><Limit z:Ref="i48"/><Mimic z:Ref="i64"/><NameAttribute z:Ref="i37"/><Origin z:Ref="i39"/><Parent z:Ref="i42"/><Safety z:Ref="i59"/><TypeAttribute z:Ref="i38"/></URDFElement></ChildElements><ElementName>link</ElementName><required>true</required><Children><Link z:Id="i68"><Attributes><Attribute z:Id="i69"><AttributeType>name</AttributeType><IsRequired>true</IsRequired><Value i:type="a:string" xmlns:a="http://www.w3.org/2001/XMLSchema">wheel_right</Value></Attribute></Attributes><ChildElements><URDFElement z:Id="i70" i:type="Inertial"><Attributes/><ChildElements><URDFElement z:Id="i71" i:type="Origin"><Attributes><Attribute z:Id="i72"><AttributeType>xyz</AttributeType><IsRequired>true</IsRequired><Value i:type="a:ArrayOfdouble" xmlns:a="http://schemas.microsoft.com/2003/10/Serialization/Arrays"><a:double>0</a:double><a:double>0</a:double><a:double>0</a:double></Value></Attribute><Attribute z:Id="i73"><AttributeType>rpy</AttributeType><IsRequired>true</IsRequired><Value i:type="a:ArrayOfdouble" xmlns:a="http://schemas.microsoft.com/2003/10/Serialization/Arrays"><a:double>0</a:double><a:double>0</a:double><a:double>0</a:double></Value></Attribute></Attributes><ChildElements/><ElementName>origin</ElementName><required>false</required><RPYAttribute z:Ref="i73"/><XYZAttribute z:Ref="i72"/><isCustomized>false</isCustomized></URDFElement><URDFElement z:Id="i74" i:type="Mass"><Attributes><Attribute z:Id="i75"><AttributeType>value</AttributeType><IsRequired>true</IsRequired><Value i:type="a:double" xmlns:a="http://www.w3.org/2001/XMLSchema">0</Value></Attribute></Attributes><ChildElements/><ElementName>mass</ElementName><required>false</required><ValueAttribute z:Ref="i75"/></URDFElement><URDFElement z:Id="i76" i:type="Inertia"><Attributes><Attribute z:Id="i77"><AttributeType>ixx</AttributeType><IsRequired>true</IsRequired><Value i:type="a:double" xmlns:a="http://www.w3.org/2001/XMLSchema">0</Value></Attribute><Attribute z:Id="i78"><AttributeType>ixy</AttributeType><IsRequired>true</IsRequired><Value i:type="a:double" xmlns:a="http://www.w3.org/2001/XMLSchema">0</Value></Attribute><Attribute z:Id="i79"><AttributeType>ixz</AttributeType><IsRequired>true</IsRequired><Value i:type="a:double" xmlns:a="http://www.w3.org/2001/XMLSchema">0</Value></Attribute><Attribute z:Id="i80"><AttributeType>iyy</AttributeType><IsRequired>true</IsRequired><Value i:type="a:double" xmlns:a="http://www.w3.org/2001/XMLSchema">0</Value></Attribute><Attribute z:Id="i81"><AttributeType>iyz</AttributeType><IsRequired>true</IsRequired><Value i:type="a:double" xmlns:a="http://www.w3.org/2001/XMLSchema">0</Value></Attribute><Attribute z:Id="i82"><AttributeType>izz</AttributeType><IsRequired>true</IsRequired><Value i:type="a:double" xmlns:a="http://www.w3.org/2001/XMLSchema">0</Value></Attribute></Attributes><ChildElements/><ElementName>inertia</ElementName><required>false</required><IxxAttribute z:Ref="i77"/><IxyAttribute z:Ref="i78"/><IxzAttribute z:Ref="i79"/><IyyAttribute z:Ref="i80"/><IyzAttribute z:Ref="i81"/><IzzAttribute z:Ref="i82"/></URDFElement></ChildElements><ElementName>inertial</ElementName><required>false</required><Inertia z:Ref="i76"/><Mass z:Ref="i74"/><Origin z:Ref="i71"/></URDFElement><URDFElement z:Id="i83" i:type="Visual"><Attributes/><ChildElements><URDFElement z:Id="i84" i:type="Origin"><Attributes><Attribute z:Id="i85"><AttributeType>xyz</AttributeType><IsRequired>true</IsRequired><Value i:type="a:ArrayOfdouble" xmlns:a="http://schemas.microsoft.com/2003/10/Serialization/Arrays"><a:double>0</a:double><a:double>0</a:double><a:double>0</a:double></Value></Attribute><Attribute z:Id="i86"><AttributeType>rpy</AttributeType><IsRequired>true</IsRequired><Value i:type="a:ArrayOfdouble" xmlns:a="http://schemas.microsoft.com/2003/10/Serialization/Arrays"><a:double>0</a:double><a:double>0</a:double><a:double>0</a:double></Value></Attribute></Attributes><ChildElements/><ElementName>origin</ElementName><required>false</required><RPYAttribute z:Ref="i86"/><XYZAttribute z:Ref="i85"/><isCustomized>false</isCustomized></URDFElement><URDFElement z:Id="i87" i:type="Geometry"><Attributes/><ChildElements><URDFElement z:Id="i88" i:type="Mesh"><Attributes><Attribute z:Id="i89"><AttributeType>filename</AttributeType><IsRequired>true</IsRequired><Value i:nil="true"/></Attribute></Attributes><ChildElements/><ElementName>mesh</ElementName><required>false</required><FilenameAttribute z:Ref="i89"/></URDFElement></ChildElements><ElementName>geometry</ElementName><required>true</required><Mesh z:Ref="i88"/></URDFElement><URDFElement z:Id="i90" i:type="Material"><Attributes><Attribute z:Id="i91"><AttributeType>name</AttributeType><IsRequired>true</IsRequired><Value i:type="a:string" xmlns:a="http://www.w3.org/2001/XMLSchema"/></Attribute></Attributes><ChildElements><URDFElement z:Id="i92" i:type="Color"><Attributes><Attribute z:Id="i93"><AttributeType>rgba</AttributeType><IsRequired>true</IsRequired><Value i:type="a:ArrayOfdouble" xmlns:a="http://schemas.microsoft.com/2003/10/Serialization/Arrays"><a:double>1</a:double><a:double>1</a:double><a:double>1</a:double><a:double>1</a:double></Value></Attribute></Attributes><ChildElements/><ElementName>color</ElementName><required>false</required><RGBAAttribute z:Ref="i93"/></URDFElement><URDFElement z:Id="i94" i:type="Texture"><Attributes><Attribute z:Id="i95"><AttributeType>filename</AttributeType><IsRequired>true</IsRequired><Value i:nil="true"/></Attribute></Attributes><ChildElements/><ElementName>texture</ElementName><required>false</required><FilenameAttribute z:Ref="i95"/><wFilename/></URDFElement></ChildElements><ElementName>material</ElementName><required>false</required><Color z:Ref="i92"/><NameAttribute z:Ref="i91"/><Texture z:Ref="i94"/></URDFElement></ChildElements><ElementName>visual</ElementName><required>false</required><Geometry z:Ref="i87"/><Material z:Ref="i90"/><Origin z:Ref="i84"/></URDFElement><URDFElement z:Id="i96" i:type="Collision"><Attributes/><ChildElements><URDFElement z:Id="i97" i:type="Origin"><Attributes><Attribute z:Id="i98"><AttributeType>xyz</AttributeType><IsRequired>true</IsRequired><Value i:type="a:ArrayOfdouble" xmlns:a="http://schemas.microsoft.com/2003/10/Serialization/Arrays"><a:double>0</a:double><a:double>0</a:double><a:double>0</a:double></Value></Attribute><Attribute z:Id="i99"><AttributeType>rpy</AttributeType><IsRequired>true</IsRequired><Value i:type="a:ArrayOfdouble" xmlns:a="http://schemas.microsoft.com/2003/10/Serialization/Arrays"><a:double>0</a:double><a:double>0</a:double><a:double>0</a:double></Value></Attribute></Attributes><ChildElements/><ElementName>origin</ElementName><required>false</required><RPYAttribute z:Ref="i99"/><XYZAttribute z:Ref="i98"/><isCustomized>false</isCustomized></URDFElement><URDFElement z:Id="i100" i:type="Geometry"><Attributes/><ChildElements><URDFElement z:Id="i101" i:type="Mesh"><Attributes><Attribute z:Id="i102"><AttributeType>filename</AttributeType><IsRequired>true</IsRequired><Value i:nil="true"/></Attribute></Attributes><ChildElements/><ElementName>mesh</ElementName><required>false</required><FilenameAttribute z:Ref="i102"/></URDFElement></ChildElements><ElementName>geometry</ElementName><required>true</required><Mesh z:Ref="i101"/></URDFElement></ChildElements><ElementName>collision</ElementName><required>false</required><Geometry z:Ref="i100"/><Origin z:Ref="i97"/></URDFElement><URDFElement z:Id="i103" i:type="Joint"><Attributes><Attribute z:Id="i104"><AttributeType>name</AttributeType><IsRequired>true</IsRequired><Value i:type="a:string" xmlns:a="http://www.w3.org/2001/XMLSchema">wheel_right</Value></Attribute><Attribute z:Id="i105"><AttributeType>type</AttributeType><IsRequired>true</IsRequired><Value i:type="a:string" xmlns:a="http://www.w3.org/2001/XMLSchema">continuous</Value></Attribute></Attributes><ChildElements><URDFElement z:Id="i106" i:type="Origin"><Attributes><Attribute z:Id="i107"><AttributeType>xyz</AttributeType><IsRequired>true</IsRequired><Value i:type="a:ArrayOfdouble" xmlns:a="http://schemas.microsoft.com/2003/10/Serialization/Arrays"><a:double>0</a:double><a:double>0</a:double><a:double>0</a:double></Value></Attribute><Attribute z:Id="i108"><AttributeType>rpy</AttributeType><IsRequired>true</IsRequired><Value i:type="a:ArrayOfdouble" xmlns:a="http://schemas.microsoft.com/2003/10/Serialization/Arrays"><a:double>0</a:double><a:double>0</a:double><a:double>0</a:double></Value></Attribute></Attributes><ChildElements/><ElementName>origin</ElementName><required>false</required><RPYAttribute z:Ref="i108"/><XYZAttribute z:Ref="i107"/><isCustomized>false</isCustomized></URDFElement><URDFElement z:Id="i109" i:type="ParentLink"><Attributes><Attribute z:Id="i110"><AttributeType>link</AttributeType><IsRequired>true</IsRequired><Value i:type="a:string" xmlns:a="http://www.w3.org/2001/XMLSchema"/></Attribute></Attributes><ChildElements/><ElementName>parent</ElementName><required>true</required><NameAttribute z:Ref="i110"/></URDFElement><URDFElement z:Id="i111" i:type="ChildLink"><Attributes><Attribute z:Id="i112"><AttributeType>link</AttributeType><IsRequired>true</IsRequired><Value i:type="a:string" xmlns:a="http://www.w3.org/2001/XMLSchema"/></Attribute></Attributes><ChildElements/><ElementName>child</ElementName><required>true</required><NameAttribute z:Ref="i112"/></URDFElement><URDFElement z:Id="i113" i:type="Axis"><Attributes><Attribute z:Id="i114"><AttributeType>xyz</AttributeType><IsRequired>true</IsRequired><Value i:type="a:ArrayOfdouble" xmlns:a="http://schemas.microsoft.com/2003/10/Serialization/Arrays"><a:double>0</a:double><a:double>0</a:double><a:double>0</a:double></Value></Attribute></Attributes><ChildElements/><ElementName>axis</ElementName><required>false</required><XYZAttribute z:Ref="i114"/></URDFElement><URDFElement z:Id="i115" i:type="Limit"><Attributes><Attribute z:Id="i116"><AttributeType>lower</AttributeType><IsRequired>false</IsRequired><Value i:nil="true"/></Attribute><Attribute z:Id="i117"><AttributeType>upper</AttributeType><IsRequired>false</IsRequired><Value i:nil="true"/></Attribute><Attribute z:Id="i118"><AttributeType>effort</AttributeType><IsRequired>true</IsRequired><Value i:nil="true"/></Attribute><Attribute z:Id="i119"><AttributeType>velocity</AttributeType><IsRequired>true</IsRequired><Value i:nil="true"/></Attribute></Attributes><ChildElements/><ElementName>limit</ElementName><required>false</required><EffortAttribute z:Ref="i118"/><LowerAttribute z:Ref="i116"/><UpperAttribute z:Ref="i117"/><VelocityAttribute z:Ref="i119"/></URDFElement><URDFElement z:Id="i120" i:type="Calibration"><Attributes><Attribute z:Id="i121"><AttributeType>rising</AttributeType><IsRequired>false</IsRequired><Value i:nil="true"/></Attribute><Attribute z:Id="i122"><AttributeType>falling</AttributeType><IsRequired>false</IsRequired><Value i:nil="true"/></Attribute></Attributes><ChildElements/><ElementName>calibration</ElementName><required>false</required><FallingAttribute z:Ref="i122"/><RisingAttribute z:Ref="i121"/></URDFElement><URDFElement z:Id="i123" i:type="Dynamics"><Attributes><Attribute z:Id="i124"><AttributeType>damping</AttributeType><IsRequired>false</IsRequired><Value i:nil="true"/></Attribute><Attribute z:Id="i125"><AttributeType>friction</AttributeType><IsRequired>false</IsRequired><Value i:nil="true"/></Attribute></Attributes><ChildElements/><ElementName>dynamics</ElementName><required>false</required><DampingAttribute z:Ref="i124"/><FrictionAttribute z:Ref="i125"/></URDFElement><URDFElement z:Id="i126" i:type="SafetyController"><Attributes><Attribute z:Id="i127"><AttributeType>soft_upper</AttributeType><IsRequired>false</IsRequired><Value i:nil="true"/></Attribute><Attribute z:Id="i128"><AttributeType>soft_lower</AttributeType><IsRequired>false</IsRequired><Value i:nil="true"/></Attribute><Attribute z:Id="i129"><AttributeType>k_position</AttributeType><IsRequired>false</IsRequired><Value i:nil="true"/></Attribute><Attribute z:Id="i130"><AttributeType>k_velocity</AttributeType><IsRequired>true</IsRequired><Value i:nil="true"/></Attribute></Attributes><ChildElements/><ElementName>safety_controller</ElementName><required>false</required><KPositionAttribute z:Ref="i129"/><KVelocityAttribute z:Ref="i130"/><SoftLowerAttribute z:Ref="i128"/><SoftUpperAttribute z:Ref="i127"/></URDFElement><URDFElement z:Id="i131" i:type="Mimic"><Attributes><Attribute z:Id="i132"><AttributeType>joint</AttributeType><IsRequired>true</IsRequired><Value i:nil="true"/></Attribute><Attribute z:Id="i133"><AttributeType>multiplier</AttributeType><IsRequired>false</IsRequired><Value i:nil="true"/></Attribute><Attribute z:Id="i134"><AttributeType>offset</AttributeType><IsRequired>false</IsRequired><Value i:nil="true"/></Attribute></Attributes><ChildElements/><ElementName>mimic</ElementName><required>false</required><JointNameAttribute z:Ref="i132"/><MultiplierAttribute z:Ref="i133"/><OffsetAttribute z:Ref="i134"/></URDFElement></ChildElements><ElementName>joint</ElementName><required>false</required><Axis z:Ref="i113"/><AxisName>Automatically Generate</AxisName><Calibration z:Ref="i120"/><Child z:Ref="i111"/><CoordinateSystemName>Automatically Generate</CoordinateSystemName><Dynamics z:Ref="i123"/><Limit z:Ref="i115"/><Mimic z:Ref="i131"/><NameAttribute z:Ref="i104"/><Origin z:Ref="i106"/><Parent z:Ref="i109"/><Safety z:Ref="i126"/><TypeAttribute z:Ref="i105"/></URDFElement></ChildElements><ElementName>link</ElementName><required>true</required><Children/><Collision z:Ref="i96"/><Inertial z:Ref="i70"/><Joint z:Ref="i103"/><NameAttribute z:Ref="i69"/><Parent z:Ref="i1"/><STLQualityFine>false</STLQualityFine><SWComponentPIDs xmlns:a="http://schemas.microsoft.com/2003/10/Serialization/Arrays"><a:base64Binary>4C4AAAUAAAD//v82dwBoAGUAZQBsAF8AYQBzAHMAZQBtAC4AUwBMAEQAUABSAFQALQAxAEAAbQBhAGkAbgBfADEALwB3AGgAZQBlAGwALQAxAEAAdwBoAGUAZQBsAF8AYQBzAHMAZQBtAC4AUwBMAEQAUABSAFQABAAAABAAAAABAAAAAgAAACwAAAAYAAAA</a:base64Binary><a:base64Binary>4C4AAAUAAAD//v88dwBoAGUAZQBsAF8AYQBzAHMAZQBtAC4AUwBMAEQAUABSAFQALQAxAEAAbQBhAGkAbgBfADEALwB3AGgAZQBlAGwAXwBzAGgAYQBmAHQALQAxAEAAdwBoAGUAZQBsAF8AYQBzAHMAZQBtAC4AUwBMAEQAUABSAFQABAAAABAAAAABAAAAAgAAACwAAAAaAAAA</a:base64Binary><a:base64Binary>4C4AAAUAAAD//v9BdwBoAGUAZQBsAF8AYQBzAHMAZQBtAC4AUwBMAEQAUABSAFQALQAxAEAAbQBhAGkAbgBfADEALwBjAG8AdQBwAGwAZQByACAATQBKAFUATgBJAFQANAA1AC0AMQBAAHcAaABlAGUAbABfAGEAcwBzAGUAbQAuAFMATABEAFAAUgBUAAQAAAAQAAAAAQAAAAIAAAAsAAAAJQAAAA==</a:base64Binary><a:base64Binary>4C4AAAUAAAD//v82dwBoAGUAZQBsAF8AYQBzAHMAZQBtAC4AUwBMAEQAUABSAFQALQAxAEAAbQBhAGkAbgBfADEALwBQAGEAcgB0ADEALQAxAEAAdwBoAGUAZQBsAF8AYQBzAHMAZQBtAC4AUwBMAEQAUABSAFQABAAAABAAAAABAAAAAgAAACwAAAA0AAAA</a:base64Binary><a:base64Binary>4C4AAAUAAAD//v8+dwBoAGUAZQBsAF8AYQBzAHMAZQBtAC4AUwBMAEQAUABSAFQALQAxAEAAbQBhAGkAbgBfADEALwB3AGgAZQBlAGwAXwBzAGgAYQBmAHQAXwAyAC0AMQBAAHcAaABlAGUAbABfAGEAcwBzAGUAbQAuAFMATABEAFAAUgBUAAQAAAAQAAAAAQAAAAIAAAAsAAAAIAAAAA==</a:base64Binary><a:base64Binary>4C4AAAUAAAD//v82dwBoAGUAZQBsAF8AYQBzAHMAZQBtAC4AUwBMAEQAUABSAFQALQAxAEAAbQBhAGkAbgBfADEALwBQAGEAcgB0ADEALQAyAEAAdwBoAGUAZQBsAF8AYQBzAHMAZQBtAC4AUwBMAEQAUABSAFQABAAAABAAAAABAAAAAgAAACwAAAA4AAAA</a:base64Binary></SWComponentPIDs><SWMainComponentPID i:nil="true"/><Visual z:Ref="i83"/><isFixedFrame>false</isFixedFrame><isIncomplete>false</isIncomplete></Link><Link z:Id="i135"><Attributes><Attribute z:Id="i136"><AttributeType>name</AttributeType><IsRequired>true</IsRequired><Value i:type="a:string" xmlns:a="http://www.w3.org/2001/XMLSchema">wheel_left</Value></Attribute></Attributes><ChildElements><URDFElement z:Id="i137" i:type="Inertial"><Attributes/><ChildElements><URDFElement z:Id="i138" i:type="Origin"><Attributes><Attribute z:Id="i139"><AttributeType>xyz</AttributeType><IsRequired>true</IsRequired><Value i:type="a:ArrayOfdouble" xmlns:a="http://schemas.microsoft.com/2003/10/Serialization/Arrays"><a:double>0</a:double><a:double>0</a:double><a:double>0</a:double></Value></Attribute><Attribute z:Id="i140"><AttributeType>rpy</AttributeType><IsRequired>true</IsRequired><Value i:type="a:ArrayOfdouble" xmlns:a="http://schemas.microsoft.com/2003/10/Serialization/Arrays"><a:double>0</a:double><a:double>0</a:double><a:double>0</a:double></Value></Attribute></Attributes><ChildElements/><ElementName>origin</ElementName><required>false</required><RPYAttribute z:Ref="i140"/><XYZAttribute z:Ref="i139"/><isCustomized>false</isCustomized></URDFElement><URDFElement z:Id="i141" i:type="Mass"><Attributes><Attribute z:Id="i142"><AttributeType>value</AttributeType><IsRequired>true</IsRequired><Value i:type="a:double" xmlns:a="http://www.w3.org/2001/XMLSchema">0</Value></Attribute></Attributes><ChildElements/><ElementName>mass</ElementName><required>false</required><ValueAttribute z:Ref="i142"/></URDFElement><URDFElement z:Id="i143" i:type="Inertia"><Attributes><Attribute z:Id="i144"><AttributeType>ixx</AttributeType><IsRequired>true</IsRequired><Value i:type="a:double" xmlns:a="http://www.w3.org/2001/XMLSchema">0</Value></Attribute><Attribute z:Id="i145"><AttributeType>ixy</AttributeType><IsRequired>true</IsRequired><Value i:type="a:double" xmlns:a="http://www.w3.org/2001/XMLSchema">0</Value></Attribute><Attribute z:Id="i146"><AttributeType>ixz</AttributeType><IsRequired>true</IsRequired><Value i:type="a:double" xmlns:a="http://www.w3.org/2001/XMLSchema">0</Value></Attribute><Attribute z:Id="i147"><AttributeType>iyy</AttributeType><IsRequired>true</IsRequired><Value i:type="a:double" xmlns:a="http://www.w3.org/2001/XMLSchema">0</Value></Attribute><Attribute z:Id="i148"><AttributeType>iyz</AttributeType><IsRequired>true</IsRequired><Value i:type="a:double" xmlns:a="http://www.w3.org/2001/XMLSchema">0</Value></Attribute><Attribute z:Id="i149"><AttributeType>izz</AttributeType><IsRequired>true</IsRequired><Value i:type="a:double" xmlns:a="http://www.w3.org/2001/XMLSchema">0</Value></Attribute></Attributes><ChildElements/><ElementName>inertia</ElementName><required>false</required><IxxAttribute z:Ref="i144"/><IxyAttribute z:Ref="i145"/><IxzAttribute z:Ref="i146"/><IyyAttribute z:Ref="i147"/><IyzAttribute z:Ref="i148"/><IzzAttribute z:Ref="i149"/></URDFElement></ChildElements><ElementName>inertial</ElementName><required>false</required><Inertia z:Ref="i143"/><Mass z:Ref="i141"/><Origin z:Ref="i138"/></URDFElement><URDFElement z:Id="i150" i:type="Visual"><Attributes/><ChildElements><URDFElement z:Id="i151" i:type="Origin"><Attributes><Attribute z:Id="i152"><AttributeType>xyz</AttributeType><IsRequired>true</IsRequired><Value i:type="a:ArrayOfdouble" xmlns:a="http://schemas.microsoft.com/2003/10/Serialization/Arrays"><a:double>0</a:double><a:double>0</a:double><a:double>0</a:double></Value></Attribute><Attribute z:Id="i153"><AttributeType>rpy</AttributeType><IsRequired>true</IsRequired><Value i:type="a:ArrayOfdouble" xmlns:a="http://schemas.microsoft.com/2003/10/Serialization/Arrays"><a:double>0</a:double><a:double>0</a:double><a:double>0</a:double></Value></Attribute></Attributes><ChildElements/><ElementName>origin</ElementName><required>false</required><RPYAttribute z:Ref="i153"/><XYZAttribute z:Ref="i152"/><isCustomized>false</isCustomized></URDFElement><URDFElement z:Id="i154" i:type="Geometry"><Attributes/><ChildElements><URDFElement z:Id="i155" i:type="Mesh"><Attributes><Attribute z:Id="i156"><AttributeType>filename</AttributeType><IsRequired>true</IsRequired><Value i:nil="true"/></Attribute></Attributes><ChildElements/><ElementName>mesh</ElementName><required>false</required><FilenameAttribute z:Ref="i156"/></URDFElement></ChildElements><ElementName>geometry</ElementName><required>true</required><Mesh z:Ref="i155"/></URDFElement><URDFElement z:Id="i157" i:type="Material"><Attributes><Attribute z:Id="i158"><AttributeType>name</AttributeType><IsRequired>true</IsRequired><Value i:type="a:string" xmlns:a="http://www.w3.org/2001/XMLSchema"/></Attribute></Attributes><ChildElements><URDFElement z:Id="i159" i:type="Color"><Attributes><Attribute z:Id="i160"><AttributeType>rgba</AttributeType><IsRequired>true</IsRequired><Value i:type="a:ArrayOfdouble" xmlns:a="http://schemas.microsoft.com/2003/10/Serialization/Arrays"><a:double>1</a:double><a:double>1</a:double><a:double>1</a:double><a:double>1</a:double></Value></Attribute></Attributes><ChildElements/><ElementName>color</ElementName><required>false</required><RGBAAttribute z:Ref="i160"/></URDFElement><URDFElement z:Id="i161" i:type="Texture"><Attributes><Attribute z:Id="i162"><AttributeType>filename</AttributeType><IsRequired>true</IsRequired><Value i:nil="true"/></Attribute></Attributes><ChildElements/><ElementName>texture</ElementName><required>false</required><FilenameAttribute z:Ref="i162"/><wFilename/></URDFElement></ChildElements><ElementName>material</ElementName><required>false</required><Color z:Ref="i159"/><NameAttribute z:Ref="i158"/><Texture z:Ref="i161"/></URDFElement></ChildElements><ElementName>visual</ElementName><required>false</required><Geometry z:Ref="i154"/><Material z:Ref="i157"/><Origin z:Ref="i151"/></URDFElement><URDFElement z:Id="i163" i:type="Collision"><Attributes/><ChildElements><URDFElement z:Id="i164" i:type="Origin"><Attributes><Attribute z:Id="i165"><AttributeType>xyz</AttributeType><IsRequired>true</IsRequired><Value i:type="a:ArrayOfdouble" xmlns:a="http://schemas.microsoft.com/2003/10/Serialization/Arrays"><a:double>0</a:double><a:double>0</a:double><a:double>0</a:double></Value></Attribute><Attribute z:Id="i166"><AttributeType>rpy</AttributeType><IsRequired>true</IsRequired><Value i:type="a:ArrayOfdouble" xmlns:a="http://schemas.microsoft.com/2003/10/Serialization/Arrays"><a:double>0</a:double><a:double>0</a:double><a:double>0</a:double></Value></Attribute></Attributes><ChildElements/><ElementName>origin</ElementName><required>false</required><RPYAttribute z:Ref="i166"/><XYZAttribute z:Ref="i165"/><isCustomized>false</isCustomized></URDFElement><URDFElement z:Id="i167" i:type="Geometry"><Attributes/><ChildElements><URDFElement z:Id="i168" i:type="Mesh"><Attributes><Attribute z:Id="i169"><AttributeType>filename</AttributeType><IsRequired>true</IsRequired><Value i:nil="true"/></Attribute></Attributes><ChildElements/><ElementName>mesh</ElementName><required>false</required><FilenameAttribute z:Ref="i169"/></URDFElement></ChildElements><ElementName>geometry</ElementName><required>true</required><Mesh z:Ref="i168"/></URDFElement></ChildElements><ElementName>collision</ElementName><required>false</required><Geometry z:Ref="i167"/><Origin z:Ref="i164"/></URDFElement><URDFElement z:Id="i170" i:type="Joint"><Attributes><Attribute z:Id="i171"><AttributeType>name</AttributeType><IsRequired>true</IsRequired><Value i:type="a:string" xmlns:a="http://www.w3.org/2001/XMLSchema">wheel_left</Value></Attribute><Attribute z:Id="i172"><AttributeType>type</AttributeType><IsRequired>true</IsRequired><Value i:type="a:string" xmlns:a="http://www.w3.org/2001/XMLSchema">continuous</Value></Attribute></Attributes><ChildElements><URDFElement z:Id="i173" i:type="Origin"><Attributes><Attribute z:Id="i174"><AttributeType>xyz</AttributeType><IsRequired>true</IsRequired><Value i:type="a:ArrayOfdouble" xmlns:a="http://schemas.microsoft.com/2003/10/Serialization/Arrays"><a:double>0</a:double><a:double>0</a:double><a:double>0</a:double></Value></Attribute><Attribute z:Id="i175"><AttributeType>rpy</AttributeType><IsRequired>true</IsRequired><Value i:type="a:ArrayOfdouble" xmlns:a="http://schemas.microsoft.com/2003/10/Serialization/Arrays"><a:double>0</a:double><a:double>0</a:double><a:double>0</a:double></Value></Attribute></Attributes><ChildElements/><ElementName>origin</ElementName><required>false</required><RPYAttribute z:Ref="i175"/><XYZAttribute z:Ref="i174"/><isCustomized>false</isCustomized></URDFElement><URDFElement z:Id="i176" i:type="ParentLink"><Attributes><Attribute z:Id="i177"><AttributeType>link</AttributeType><IsRequired>true</IsRequired><Value i:type="a:string" xmlns:a="http://www.w3.org/2001/XMLSchema"/></Attribute></Attributes><ChildElements/><ElementName>parent</ElementName><required>true</required><NameAttribute z:Ref="i177"/></URDFElement><URDFElement z:Id="i178" i:type="ChildLink"><Attributes><Attribute z:Id="i179"><AttributeType>link</AttributeType><IsRequired>true</IsRequired><Value i:type="a:string" xmlns:a="http://www.w3.org/2001/XMLSchema"/></Attribute></Attributes><ChildElements/><ElementName>child</ElementName><required>true</required><NameAttribute z:Ref="i179"/></URDFElement><URDFElement z:Id="i180" i:type="Axis"><Attributes><Attribute z:Id="i181"><AttributeType>xyz</AttributeType><IsRequired>true</IsRequired><Value i:type="a:ArrayOfdouble" xmlns:a="http://schemas.microsoft.com/2003/10/Serialization/Arrays"><a:double>0</a:double><a:double>0</a:double><a:double>0</a:double></Value></Attribute></Attributes><ChildElements/><ElementName>axis</ElementName><required>false</required><XYZAttribute z:Ref="i181"/></URDFElement><URDFElement z:Id="i182" i:type="Limit"><Attributes><Attribute z:Id="i183"><AttributeType>lower</AttributeType><IsRequired>false</IsRequired><Value i:nil="true"/></Attribute><Attribute z:Id="i184"><AttributeType>upper</AttributeType><IsRequired>false</IsRequired><Value i:nil="true"/></Attribute><Attribute z:Id="i185"><AttributeType>effort</AttributeType><IsRequired>true</IsRequired><Value i:nil="true"/></Attribute><Attribute z:Id="i186"><AttributeType>velocity</AttributeType><IsRequired>true</IsRequired><Value i:nil="true"/></Attribute></Attributes><ChildElements/><ElementName>limit</ElementName><required>false</required><EffortAttribute z:Ref="i185"/><LowerAttribute z:Ref="i183"/><UpperAttribute z:Ref="i184"/><VelocityAttribute z:Ref="i186"/></URDFElement><URDFElement z:Id="i187" i:type="Calibration"><Attributes><Attribute z:Id="i188"><AttributeType>rising</AttributeType><IsRequired>false</IsRequired><Value i:nil="true"/></Attribute><Attribute z:Id="i189"><AttributeType>falling</AttributeType><IsRequired>false</IsRequired><Value i:nil="true"/></Attribute></Attributes><ChildElements/><ElementName>calibration</ElementName><required>false</required><FallingAttribute z:Ref="i189"/><RisingAttribute z:Ref="i188"/></URDFElement><URDFElement z:Id="i190" i:type="Dynamics"><Attributes><Attribute z:Id="i191"><AttributeType>damping</AttributeType><IsRequired>false</IsRequired><Value i:nil="true"/></Attribute><Attribute z:Id="i192"><AttributeType>friction</AttributeType><IsRequired>false</IsRequired><Value i:nil="true"/></Attribute></Attributes><ChildElements/><ElementName>dynamics</ElementName><required>false</required><DampingAttribute z:Ref="i191"/><FrictionAttribute z:Ref="i192"/></URDFElement><URDFElement z:Id="i193" i:type="SafetyController"><Attributes><Attribute z:Id="i194"><AttributeType>soft_upper</AttributeType><IsRequired>false</IsRequired><Value i:nil="true"/></Attribute><Attribute z:Id="i195"><AttributeType>soft_lower</AttributeType><IsRequired>false</IsRequired><Value i:nil="true"/></Attribute><Attribute z:Id="i196"><AttributeType>k_position</AttributeType><IsRequired>false</IsRequired><Value i:nil="true"/></Attribute><Attribute z:Id="i197"><AttributeType>k_velocity</AttributeType><IsRequired>true</IsRequired><Value i:nil="true"/></Attribute></Attributes><ChildElements/><ElementName>safety_controller</ElementName><required>false</required><KPositionAttribute z:Ref="i196"/><KVelocityAttribute z:Ref="i197"/><SoftLowerAttribute z:Ref="i195"/><SoftUpperAttribute z:Ref="i194"/></URDFElement><URDFElement z:Id="i198" i:type="Mimic"><Attributes><Attribute z:Id="i199"><AttributeType>joint</AttributeType><IsRequired>true</IsRequired><Value i:nil="true"/></Attribute><Attribute z:Id="i200"><AttributeType>multiplier</AttributeType><IsRequired>false</IsRequired><Value i:nil="true"/></Attribute><Attribute z:Id="i201"><AttributeType>offset</AttributeType><IsRequired>false</IsRequired><Value i:nil="true"/></Attribute></Attributes><ChildElements/><ElementName>mimic</ElementName><required>false</required><JointNameAttribute z:Ref="i199"/><MultiplierAttribute z:Ref="i200"/><OffsetAttribute z:Ref="i201"/></URDFElement></ChildElements><ElementName>joint</ElementName><required>false</required><Axis z:Ref="i180"/><AxisName>Automatically Generate</AxisName><Calibration z:Ref="i187"/><Child z:Ref="i178"/><CoordinateSystemName>Automatically Generate</CoordinateSystemName><Dynamics z:Ref="i190"/><Limit z:Ref="i182"/><Mimic z:Ref="i198"/><NameAttribute z:Ref="i171"/><Origin z:Ref="i173"/><Parent z:Ref="i176"/><Safety z:Ref="i193"/><TypeAttribute z:Ref="i172"/></URDFElement></ChildElements><ElementName>link</ElementName><required>true</required><Children/><Collision z:Ref="i163"/><Inertial z:Ref="i137"/><Joint z:Ref="i170"/><NameAttribute z:Ref="i136"/><Parent z:Ref="i1"/><STLQualityFine>false</STLQualityFine><SWComponentPIDs xmlns:a="http://schemas.microsoft.com/2003/10/Serialization/Arrays"><a:base64Binary>4C4AAAUAAAD//v9BdwBoAGUAZQBsAF8AYQBzAHMAZQBtAC4AUwBMAEQAUABSAFQALQAyAEAAbQBhAGkAbgBfADEALwBjAG8AdQBwAGwAZQByACAATQBKAFUATgBJAFQANAA1AC0AMQBAAHcAaABlAGUAbABfAGEAcwBzAGUAbQAuAFMATABEAFAAUgBUAAQAAAAQAAAAAQAAAAIAAAAwAAAAJQAAAA==</a:base64Binary><a:base64Binary>4C4AAAUAAAD//v82dwBoAGUAZQBsAF8AYQBzAHMAZQBtAC4AUwBMAEQAUABSAFQALQAyAEAAbQBhAGkAbgBfADEALwB3AGgAZQBlAGwALQAxAEAAdwBoAGUAZQBsAF8AYQBzAHMAZQBtAC4AUwBMAEQAUABSAFQABAAAABAAAAABAAAAAgAAADAAAAAYAAAA</a:base64Binary><a:base64Binary>4C4AAAUAAAD//v88dwBoAGUAZQBsAF8AYQBzAHMAZQBtAC4AUwBMAEQAUABSAFQALQAyAEAAbQBhAGkAbgBfADEALwB3AGgAZQBlAGwAXwBzAGgAYQBmAHQALQAxAEAAdwBoAGUAZQBsAF8AYQBzAHMAZQBtAC4AUwBMAEQAUABSAFQABAAAABAAAAABAAAAAgAAADAAAAAaAAAA</a:base64Binary><a:base64Binary>4C4AAAUAAAD//v82dwBoAGUAZQBsAF8AYQBzAHMAZQBtAC4AUwBMAEQAUABSAFQALQAyAEAAbQBhAGkAbgBfADEALwBQAGEAcgB0ADEALQAyAEAAdwBoAGUAZQBsAF8AYQBzAHMAZQBtAC4AUwBMAEQAUABSAFQABAAAABAAAAABAAAAAgAAADAAAAA4AAAA</a:base64Binary><a:base64Binary>4C4AAAUAAAD//v82dwBoAGUAZQBsAF8AYQBzAHMAZQBtAC4AUwBMAEQAUABSAFQALQAyAEAAbQBhAGkAbgBfADEALwBQAGEAcgB0ADEALQAxAEAAdwBoAGUAZQBsAF8AYQBzAHMAZQBtAC4AUwBMAEQAUABSAFQABAAAABAAAAABAAAAAgAAADAAAAA0AAAA</a:base64Binary><a:base64Binary>4C4AAAUAAAD//v8+dwBoAGUAZQBsAF8AYQBzAHMAZQBtAC4AUwBMAEQAUABSAFQALQAyAEAAbQBhAGkAbgBfADEALwB3AGgAZQBlAGwAXwBzAGgAYQBmAHQAXwAyAC0AMQBAAHcAaABlAGUAbABfAGEAcwBzAGUAbQAuAFMATABEAFAAUgBUAAQAAAAQAAAAAQAAAAIAAAAwAAAAIAAAAA==</a:base64Binary></SWComponentPIDs><SWMainComponentPID i:nil="true"/><Visual z:Ref="i150"/><isFixedFrame>false</isFixedFrame><isIncomplete>false</isIncomplete></Link><Link z:Id="i202"><Attributes><Attribute z:Id="i203"><AttributeType>name</AttributeType><IsRequired>true</IsRequired><Value i:type="a:string" xmlns:a="http://www.w3.org/2001/XMLSchema">elevator</Value></Attribute></Attributes><ChildElements><URDFElement z:Id="i204" i:type="Inertial"><Attributes/><ChildElements><URDFElement z:Id="i205" i:type="Origin"><Attributes><Attribute z:Id="i206"><AttributeType>xyz</AttributeType><IsRequired>true</IsRequired><Value i:type="a:ArrayOfdouble" xmlns:a="http://schemas.microsoft.com/2003/10/Serialization/Arrays"><a:double>0</a:double><a:double>0</a:double><a:double>0</a:double></Value></Attribute><Attribute z:Id="i207"><AttributeType>rpy</AttributeType><IsRequired>true</IsRequired><Value i:type="a:ArrayOfdouble" xmlns:a="http://schemas.microsoft.com/2003/10/Serialization/Arrays"><a:double>0</a:double><a:double>0</a:double><a:double>0</a:double></Value></Attribute></Attributes><ChildElements/><ElementName>origin</ElementName><required>false</required><RPYAttribute z:Ref="i207"/><XYZAttribute z:Ref="i206"/><isCustomized>false</isCustomized></URDFElement><URDFElement z:Id="i208" i:type="Mass"><Attributes><Attribute z:Id="i209"><AttributeType>value</AttributeType><IsRequired>true</IsRequired><Value i:type="a:double" xmlns:a="http://www.w3.org/2001/XMLSchema">0</Value></Attribute></Attributes><ChildElements/><ElementName>mass</ElementName><required>false</required><ValueAttribute z:Ref="i209"/></URDFElement><URDFElement z:Id="i210" i:type="Inertia"><Attributes><Attribute z:Id="i211"><AttributeType>ixx</AttributeType><IsRequired>true</IsRequired><Value i:type="a:double" xmlns:a="http://www.w3.org/2001/XMLSchema">0</Value></Attribute><Attribute z:Id="i212"><AttributeType>ixy</AttributeType><IsRequired>true</IsRequired><Value i:type="a:double" xmlns:a="http://www.w3.org/2001/XMLSchema">0</Value></Attribute><Attribute z:Id="i213"><AttributeType>ixz</AttributeType><IsRequired>true</IsRequired><Value i:type="a:double" xmlns:a="http://www.w3.org/2001/XMLSchema">0</Value></Attribute><Attribute z:Id="i214"><AttributeType>iyy</AttributeType><IsRequired>true</IsRequired><Value i:type="a:double" xmlns:a="http://www.w3.org/2001/XMLSchema">0</Value></Attribute><Attribute z:Id="i215"><AttributeType>iyz</AttributeType><IsRequired>true</IsRequired><Value i:type="a:double" xmlns:a="http://www.w3.org/2001/XMLSchema">0</Value></Attribute><Attribute z:Id="i216"><AttributeType>izz</AttributeType><IsRequired>true</IsRequired><Value i:type="a:double" xmlns:a="http://www.w3.org/2001/XMLSchema">0</Value></Attribute></Attributes><ChildElements/><ElementName>inertia</ElementName><required>false</required><IxxAttribute z:Ref="i211"/><IxyAttribute z:Ref="i212"/><IxzAttribute z:Ref="i213"/><IyyAttribute z:Ref="i214"/><IyzAttribute z:Ref="i215"/><IzzAttribute z:Ref="i216"/></URDFElement></ChildElements><ElementName>inertial</ElementName><required>false</required><Inertia z:Ref="i210"/><Mass z:Ref="i208"/><Origin z:Ref="i205"/></URDFElement><URDFElement z:Id="i217" i:type="Visual"><Attributes/><ChildElements><URDFElement z:Id="i218" i:type="Origin"><Attributes><Attribute z:Id="i219"><AttributeType>xyz</AttributeType><IsRequired>true</IsRequired><Value i:type="a:ArrayOfdouble" xmlns:a="http://schemas.microsoft.com/2003/10/Serialization/Arrays"><a:double>0</a:double><a:double>0</a:double><a:double>0</a:double></Value></Attribute><Attribute z:Id="i220"><AttributeType>rpy</AttributeType><IsRequired>true</IsRequired><Value i:type="a:ArrayOfdouble" xmlns:a="http://schemas.microsoft.com/2003/10/Serialization/Arrays"><a:double>0</a:double><a:double>0</a:double><a:double>0</a:double></Value></Attribute></Attributes><ChildElements/><ElementName>origin</ElementName><required>false</required><RPYAttribute z:Ref="i220"/><XYZAttribute z:Ref="i219"/><isCustomized>false</isCustomized></URDFElement><URDFElement z:Id="i221" i:type="Geometry"><Attributes/><ChildElements><URDFElement z:Id="i222" i:type="Mesh"><Attributes><Attribute z:Id="i223"><AttributeType>filename</AttributeType><IsRequired>true</IsRequired><Value i:nil="true"/></Attribute></Attributes><ChildElements/><ElementName>mesh</ElementName><required>false</required><FilenameAttribute z:Ref="i223"/></URDFElement></ChildElements><ElementName>geometry</ElementName><required>true</required><Mesh z:Ref="i222"/></URDFElement><URDFElement z:Id="i224" i:type="Material"><Attributes><Attribute z:Id="i225"><AttributeType>name</AttributeType><IsRequired>true</IsRequired><Value i:type="a:string" xmlns:a="http://www.w3.org/2001/XMLSchema"/></Attribute></Attributes><ChildElements><URDFElement z:Id="i226" i:type="Color"><Attributes><Attribute z:Id="i227"><AttributeType>rgba</AttributeType><IsRequired>true</IsRequired><Value i:type="a:ArrayOfdouble" xmlns:a="http://schemas.microsoft.com/2003/10/Serialization/Arrays"><a:double>1</a:double><a:double>1</a:double><a:double>1</a:double><a:double>1</a:double></Value></Attribute></Attributes><ChildElements/><ElementName>color</ElementName><required>false</required><RGBAAttribute z:Ref="i227"/></URDFElement><URDFElement z:Id="i228" i:type="Texture"><Attributes><Attribute z:Id="i229"><AttributeType>filename</AttributeType><IsRequired>true</IsRequired><Value i:nil="true"/></Attribute></Attributes><ChildElements/><ElementName>texture</ElementName><required>false</required><FilenameAttribute z:Ref="i229"/><wFilename/></URDFElement></ChildElements><ElementName>material</ElementName><required>false</required><Color z:Ref="i226"/><NameAttribute z:Ref="i225"/><Texture z:Ref="i228"/></URDFElement></ChildElements><ElementName>visual</ElementName><required>false</required><Geometry z:Ref="i221"/><Material z:Ref="i224"/><Origin z:Ref="i218"/></URDFElement><URDFElement z:Id="i230" i:type="Collision"><Attributes/><ChildElements><URDFElement z:Id="i231" i:type="Origin"><Attributes><Attribute z:Id="i232"><AttributeType>xyz</AttributeType><IsRequired>true</IsRequired><Value i:type="a:ArrayOfdouble" xmlns:a="http://schemas.microsoft.com/2003/10/Serialization/Arrays"><a:double>0</a:double><a:double>0</a:double><a:double>0</a:double></Value></Attribute><Attribute z:Id="i233"><AttributeType>rpy</AttributeType><IsRequired>true</IsRequired><Value i:type="a:ArrayOfdouble" xmlns:a="http://schemas.microsoft.com/2003/10/Serialization/Arrays"><a:double>0</a:double><a:double>0</a:double><a:double>0</a:double></Value></Attribute></Attributes><ChildElements/><ElementName>origin</ElementName><required>false</required><RPYAttribute z:Ref="i233"/><XYZAttribute z:Ref="i232"/><isCustomized>false</isCustomized></URDFElement><URDFElement z:Id="i234" i:type="Geometry"><Attributes/><ChildElements><URDFElement z:Id="i235" i:type="Mesh"><Attributes><Attribute z:Id="i236"><AttributeType>filename</AttributeType><IsRequired>true</IsRequired><Value i:nil="true"/></Attribute></Attributes><ChildElements/><ElementName>mesh</ElementName><required>false</required><FilenameAttribute z:Ref="i236"/></URDFElement></ChildElements><ElementName>geometry</ElementName><required>true</required><Mesh z:Ref="i235"/></URDFElement></ChildElements><ElementName>collision</ElementName><required>false</required><Geometry z:Ref="i234"/><Origin z:Ref="i231"/></URDFElement><URDFElement z:Id="i237" i:type="Joint"><Attributes><Attribute z:Id="i238"><AttributeType>name</AttributeType><IsRequired>true</IsRequired><Value i:type="a:string" xmlns:a="http://www.w3.org/2001/XMLSchema">elevator</Value></Attribute><Attribute z:Id="i239"><AttributeType>type</AttributeType><IsRequired>true</IsRequired><Value i:type="a:string" xmlns:a="http://www.w3.org/2001/XMLSchema">prismatic</Value></Attribute></Attributes><ChildElements><URDFElement z:Id="i240" i:type="Origin"><Attributes><Attribute z:Id="i241"><AttributeType>xyz</AttributeType><IsRequired>true</IsRequired><Value i:type="a:ArrayOfdouble" xmlns:a="http://schemas.microsoft.com/2003/10/Serialization/Arrays"><a:double>0</a:double><a:double>0</a:double><a:double>0</a:double></Value></Attribute><Attribute z:Id="i242"><AttributeType>rpy</AttributeType><IsRequired>true</IsRequired><Value i:type="a:ArrayOfdouble" xmlns:a="http://schemas.microsoft.com/2003/10/Serialization/Arrays"><a:double>0</a:double><a:double>0</a:double><a:double>0</a:double></Value></Attribute></Attributes><ChildElements/><ElementName>origin</ElementName><required>false</required><RPYAttribute z:Ref="i242"/><XYZAttribute z:Ref="i241"/><isCustomized>false</isCustomized></URDFElement><URDFElement z:Id="i243" i:type="ParentLink"><Attributes><Attribute z:Id="i244"><AttributeType>link</AttributeType><IsRequired>true</IsRequired><Value i:type="a:string" xmlns:a="http://www.w3.org/2001/XMLSchema"/></Attribute></Attributes><ChildElements/><ElementName>parent</ElementName><required>true</required><NameAttribute z:Ref="i244"/></URDFElement><URDFElement z:Id="i245" i:type="ChildLink"><Attributes><Attribute z:Id="i246"><AttributeType>link</AttributeType><IsRequired>true</IsRequired><Value i:type="a:string" xmlns:a="http://www.w3.org/2001/XMLSchema"/></Attribute></Attributes><ChildElements/><ElementName>child</ElementName><required>true</required><NameAttribute z:Ref="i246"/></URDFElement><URDFElement z:Id="i247" i:type="Axis"><Attributes><Attribute z:Id="i248"><AttributeType>xyz</AttributeType><IsRequired>true</IsRequired><Value i:type="a:ArrayOfdouble" xmlns:a="http://schemas.microsoft.com/2003/10/Serialization/Arrays"><a:double>0</a:double><a:double>0</a:double><a:double>0</a:double></Value></Attribute></Attributes><ChildElements/><ElementName>axis</ElementName><required>false</required><XYZAttribute z:Ref="i248"/></URDFElement><URDFElement z:Id="i249" i:type="Limit"><Attributes><Attribute z:Id="i250"><AttributeType>lower</AttributeType><IsRequired>false</IsRequired><Value i:nil="true"/></Attribute><Attribute z:Id="i251"><AttributeType>upper</AttributeType><IsRequired>false</IsRequired><Value i:nil="true"/></Attribute><Attribute z:Id="i252"><AttributeType>effort</AttributeType><IsRequired>true</IsRequired><Value i:nil="true"/></Attribute><Attribute z:Id="i253"><AttributeType>velocity</AttributeType><IsRequired>true</IsRequired><Value i:nil="true"/></Attribute></Attributes><ChildElements/><ElementName>limit</ElementName><required>false</required><EffortAttribute z:Ref="i252"/><LowerAttribute z:Ref="i250"/><UpperAttribute z:Ref="i251"/><VelocityAttribute z:Ref="i253"/></URDFElement><URDFElement z:Id="i254" i:type="Calibration"><Attributes><Attribute z:Id="i255"><AttributeType>rising</AttributeType><IsRequired>false</IsRequired><Value i:nil="true"/></Attribute><Attribute z:Id="i256"><AttributeType>falling</AttributeType><IsRequired>false</IsRequired><Value i:nil="true"/></Attribute></Attributes><ChildElements/><ElementName>calibration</ElementName><required>false</required><FallingAttribute z:Ref="i256"/><RisingAttribute z:Ref="i255"/></URDFElement><URDFElement z:Id="i257" i:type="Dynamics"><Attributes><Attribute z:Id="i258"><AttributeType>damping</AttributeType><IsRequired>false</IsRequired><Value i:nil="true"/></Attribute><Attribute z:Id="i259"><AttributeType>friction</AttributeType><IsRequired>false</IsRequired><Value i:nil="true"/></Attribute></Attributes><ChildElements/><ElementName>dynamics</ElementName><required>false</required><DampingAttribute z:Ref="i258"/><FrictionAttribute z:Ref="i259"/></URDFElement><URDFElement z:Id="i260" i:type="SafetyController"><Attributes><Attribute z:Id="i261"><AttributeType>soft_upper</AttributeType><IsRequired>false</IsRequired><Value i:nil="true"/></Attribute><Attribute z:Id="i262"><AttributeType>soft_lower</AttributeType><IsRequired>false</IsRequired><Value i:nil="true"/></Attribute><Attribute z:Id="i263"><AttributeType>k_position</AttributeType><IsRequired>false</IsRequired><Value i:nil="true"/></Attribute><Attribute z:Id="i264"><AttributeType>k_velocity</AttributeType><IsRequired>true</IsRequired><Value i:nil="true"/></Attribute></Attributes><ChildElements/><ElementName>safety_controller</ElementName><required>false</required><KPositionAttribute z:Ref="i263"/><KVelocityAttribute z:Ref="i264"/><SoftLowerAttribute z:Ref="i262"/><SoftUpperAttribute z:Ref="i261"/></URDFElement><URDFElement z:Id="i265" i:type="Mimic"><Attributes><Attribute z:Id="i266"><AttributeType>joint</AttributeType><IsRequired>true</IsRequired><Value i:nil="true"/></Attribute><Attribute z:Id="i267"><AttributeType>multiplier</AttributeType><IsRequired>false</IsRequired><Value i:nil="true"/></Attribute><Attribute z:Id="i268"><AttributeType>offset</AttributeType><IsRequired>false</IsRequired><Value i:nil="true"/></Attribute></Attributes><ChildElements/><ElementName>mimic</ElementName><required>false</required><JointNameAttribute z:Ref="i266"/><MultiplierAttribute z:Ref="i267"/><OffsetAttribute z:Ref="i268"/></URDFElement></ChildElements><ElementName>joint</ElementName><required>false</required><Axis z:Ref="i247"/><AxisName>Automatically Generate</AxisName><Calibration z:Ref="i254"/><Child z:Ref="i245"/><CoordinateSystemName>Automatically Generate</CoordinateSystemName><Dynamics z:Ref="i257"/><Limit z:Ref="i249"/><Mimic z:Ref="i265"/><NameAttribute z:Ref="i238"/><Origin z:Ref="i240"/><Parent z:Ref="i243"/><Safety z:Ref="i260"/><TypeAttribute z:Ref="i239"/></URDFElement></ChildElements><ElementName>link</ElementName><required>true</required><Children/><Collision z:Ref="i230"/><Inertial z:Ref="i204"/><Joint z:Ref="i237"/><NameAttribute z:Ref="i203"/><Parent z:Ref="i1"/><STLQualityFine>false</STLQualityFine><SWComponentPIDs xmlns:a="http://schemas.microsoft.com/2003/10/Serialization/Arrays"><a:base64Binary>4C4AAAUAAAD//v8tbABpAG4AZQBhAHIAXwBtAG8AdABpAG8AbgAtADIAQABtAGEAaQBuAF8AMQAvAGgAbwBsAGQAZQByAC0AMQBAAGwAaQBuAGUAYQByAF8AbQBvAHQAaQBvAG4ABAAAABAAAAABAAAAAgAAAK8AAAAuAAAA</a:base64Binary><a:base64Binary>4C4AAAUAAAD//v8tbABpAG4AZQBhAHIAXwBtAG8AdABpAG8AbgAtADIAQABtAGEAaQBuAF8AMQAvAFUAXwBiAGEAcwBlAC0AMQBAAGwAaQBuAGUAYQByAF8AbQBvAHQAaQBvAG4ABAAAABAAAAABAAAAAgAAAK8AAAAnAAAA</a:base64Binary><a:base64Binary>4C4AAAUAAAD//v8ubABpAG4AZQBhAHIAXwBtAG8AdABpAG8AbgAtADIAQABtAGEAaQBuAF8AMQAvAFMARgBVADEANgAwADUALQAxAEAAbABpAG4AZQBhAHIAXwBtAG8AdABpAG8AbgAEAAAAEAAAAAEAAAACAAAArwAAABsAAAA=</a:base64Binary></SWComponentPIDs><SWMainComponentPID i:nil="true"/><Visual z:Ref="i217"/><isFixedFrame>false</isFixedFrame><isIncomplete>false</isIncomplete></Link></Children><Collision z:Ref="i29"/><Inertial z:Ref="i3"/><Joint z:Ref="i36"/><NameAttribute z:Ref="i2"/><Parent i:nil="true"/><STLQualityFine>false</STLQualityFine><SWComponentPIDs xmlns:a="http://schemas.microsoft.com/2003/10/Serialization/Arrays"><a:base64Binary>4C4AAAUAAAD//v8VYwBoAGEAcwBzAGkAcwBfAG0AYQBpAG4ALQAxAEAAbQBhAGkAbgBfADEABAAAABAAAAABAAAAAQAAABgAAAA=</a:base64Binary><a:base64Binary>4C4AAAUAAAD//v8UTABpAGQAYQByAF8AZgByAG8AbgB0AC0AMQBAAG0AYQBpAG4AXwAxAAQAAAAQAAAAAQAAAAEAAAAaAAAA</a:base64Binary><a:base64Binary>4C4AAAUAAAD//v8TTABpAGQAYQByAF8AYgBhAGMAawAtADEAQABtAGEAaQBuAF8AMQAEAAAAEAAAAAEAAAABAAAAIAAAAA==</a:base64Binary><a:base64Binary>4C4AAAUAAAD//v8XZAByAGkAdgBlAF8AdQBuAGkAdABfADQAXwBMAC0AMQBAAG0AYQBpAG4AXwAxAAQAAAAQAAAAAQAAAAEAAACgAAAA</a:base64Binary><a:base64Binary>4C4AAAUAAAD//v8XZAByAGkAdgBlAF8AdQBuAGkAdABfADQAXwBSAC0AMQBAAG0AYQBpAG4AXwAxAAQAAAAQAAAAAQAAAAEAAACKAAAA</a:base64Binary><a:base64Binary>4C4AAAUAAAD//v86bwBtAG4AaQBXAGgAZQBlAGwAXwBjAGEAcgB0AC0AMQBAAG0AYQBpAG4AXwAxAC8AbwBtAG4AaQBXAGgAZQBlAGwAXwBSADIAXwBjAGEAcgB0AC0AMQBAAG8AbQBuAGkAVwBoAGUAZQBsAF8AYwBhAHIAdAAEAAAAEAAAAAEAAAACAAAAeAAAABgAAAA=</a:base64Binary><a:base64Binary>4C4AAAUAAAD//v8/dwBoAGUAZQBsAF8AYQBzAHMAZQBtAC4AUwBMAEQAUABSAFQALQAyAEAAbQBhAGkAbgBfADEALwBiAGUAYQByAGkAbgBnAF8AdQBuAGkAdABfADIALQAxAEAAdwBoAGUAZQBsAF8AYQBzAHMAZQBtAC4AUwBMAEQAUABSAFQABAAAABAAAAABAAAAAgAAADAAAAAZAAAA</a:base64Binary><a:base64Binary>4C4AAAUAAAD//v8/dwBoAGUAZQBsAF8AYQBzAHMAZQBtAC4AUwBMAEQAUABSAFQALQAyAEAAbQBhAGkAbgBfADEALwBiAGUAYQByAGkAbgBnAF8AcwBwAGEAYwBlAHIALQAxAEAAdwBoAGUAZQBsAF8AYQBzAHMAZQBtAC4AUwBMAEQAUABSAFQABAAAABAAAAABAAAAAgAAADAAAAAqAAAA</a:base64Binary><a:base64Binary>4C4AAAUAAAD//v8/dwBoAGUAZQBsAF8AYQBzAHMAZQBtAC4AUwBMAEQAUABSAFQALQAxAEAAbQBhAGkAbgBfADEALwBiAGUAYQByAGkAbgBnAF8AdQBuAGkAdABfADIALQAxAEAAdwBoAGUAZQBsAF8AYQBzAHMAZQBtAC4AUwBMAEQAUABSAFQABAAAABAAAAABAAAAAgAAACwAAAAZAAAA</a:base64Binary><a:base64Binary>4C4AAAUAAAD//v8/dwBoAGUAZQBsAF8AYQBzAHMAZQBtAC4AUwBMAEQAUABSAFQALQAxAEAAbQBhAGkAbgBfADEALwBiAGUAYQByAGkAbgBnAF8AcwBwAGEAYwBlAHIALQAxAEAAdwBoAGUAZQBsAF8AYQBzAHMAZQBtAC4AUwBMAEQAUABSAFQABAAAABAAAAABAAAAAgAAACwAAAAqAAAA</a:base64Binary><a:base64Binary>4C4AAAUAAAD//v8ZZQBsAGUAYwB0AHIAbwBuAGkAYwBzAF8AbQBhAGkAbgAtADEAQABtAGEAaQBuAF8AMQAEAAAAEAAAAAEAAAABAAAAmgAAAA==</a:base64Binary><a:base64Binary>4C4AAAUAAAD//v86bwBtAG4AaQBXAGgAZQBlAGwAXwBjAGEAcgB0AC0AMgBAAG0AYQBpAG4AXwAxAC8AbwBtAG4AaQBXAGgAZQBlAGwAXwBSADIAXwBjAGEAcgB0AC0AMQBAAG8AbQBuAGkAVwBoAGUAZQBsAF8AYwBhAHIAdAAEAAAAEAAAAAEAAAACAAAAmAAAABgAAAA=</a:base64Binary><a:base64Binary>4C4AAAUAAAD//v8rbABpAG4AZQBhAHIAXwBtAG8AdABpAG8AbgAtADIAQABtAGEAaQBuAF8AMQAvAEIASwAyADAALQAxAEAAbABpAG4AZQBhAHIAXwBtAG8AdABpAG8AbgAEAAAAEAAAAAEAAAACAAAArwAAABkAAAA=</a:base64Binary><a:base64Binary>4C4AAAUAAAD//v8rbABpAG4AZQBhAHIAXwBtAG8AdABpAG8AbgAtADIAQABtAGEAaQBuAF8AMQAvAEIARgAyADAALQAxAEAAbABpAG4AZQBhAHIAXwBtAG8AdABpAG8AbgAEAAAAEAAAAAEAAAACAAAArwAAABgAAAA=</a:base64Binary><a:base64Binary>4C4AAAUAAAD//v8wbABpAG4AZQBhAHIAXwBtAG8AdABpAG8AbgAtADIAQABtAGEAaQBuAF8AMQAvAHMAYwByAGUAdwAxADYAMAA0AC0AMQBAAGwAaQBuAGUAYQByAF8AbQBvAHQAaQBvAG4ABAAAABAAAAABAAAAAgAAAK8AAAAaAAAA</a:base64Binary></SWComponentPIDs><SWMainComponentPID i:nil="true"/><Visual z:Ref="i16"/><isFixedFrame>false</isFixedFrame><isIncomplete>false</isIncomplete></Link>
2020-03-12 10:06:21,944 INFO  AssemblyExportForm.cs: 308 - Saving URDF package to D:\Google Drive\infibotics\Solidworks\V1\ROS\Robot_1
2020-03-12 10:06:21,946 INFO  ExportHelper.cs: 147 - Beginning the export process
2020-03-12 10:06:21,948 INFO  ExportHelper.cs: 153 - Creating package directories with name Robot_1 and save path D:\Google Drive\infibotics\Solidworks\V1\ROS
2020-03-12 10:06:25,144 INFO  ExportHelper.cs: 162 - Creating CMakeLists.txt at D:\Google Drive\infibotics\Solidworks\V1\ROS\Robot_1\CMakeLists.txt
2020-03-12 10:06:25,145 INFO  ExportHelper.cs: 166 - Creating joint names config at D:\Google Drive\infibotics\Solidworks\V1\ROS\Robot_1\config\joint_names_Robot_1.yaml
2020-03-12 10:06:25,146 INFO  ExportHelper.cs: 170 - Creating package.xml at D:\Google Drive\infibotics\Solidworks\V1\ROS\Robot_1\package.xml
2020-03-12 10:06:25,148 INFO  PackageXMLWriter.cs: 21 - Creating package.xml at D:\Google Drive\infibotics\Solidworks\V1\ROS\Robot_1\package.xml
2020-03-12 10:06:25,154 INFO  ExportHelper.cs: 177 - Creating RVIZ launch file in D:\Google Drive\infibotics\Solidworks\V1\ROS\Robot_1\launch\
2020-03-12 10:06:25,156 INFO  ExportHelper.cs: 182 - Creating Gazebo launch file in D:\Google Drive\infibotics\Solidworks\V1\ROS\Robot_1\launch\
2020-03-12 10:06:25,157 INFO  ExportHelper.cs: 187 - Saving existing STL preferences
2020-03-12 10:06:25,158 INFO  ExportHelper.cs: 451 - Saving users preferences
2020-03-12 10:06:25,158 INFO  ExportHelper.cs: 190 - Modifying STL preferences
2020-03-12 10:06:25,159 INFO  ExportHelper.cs: 465 - Setting STL preferences
2020-03-12 10:06:25,168 INFO  ExportHelper.cs: 196 - Found 0 hidden components 
2020-03-12 10:06:25,168 INFO  ExportHelper.cs: 197 - Hiding all components
2020-03-12 10:06:26,438 INFO  ExportHelper.cs: 204 - Beginning individual files export
2020-03-12 10:06:26,440 INFO  ExportHelper.cs: 270 - Exporting link: robot_body
2020-03-12 10:06:26,441 INFO  ExportHelper.cs: 272 - Link robot_body has 3 children
2020-03-12 10:06:26,442 INFO  ExportHelper.cs: 270 - Exporting link: wheel_right
2020-03-12 10:06:26,442 INFO  ExportHelper.cs: 272 - Link wheel_right has 0 children
2020-03-12 10:06:26,443 INFO  ExportHelper.cs: 318 - wheel_right: Exporting STL with coordinate frame Origin_wheel_right
2020-03-12 10:06:26,444 INFO  ExportHelper.cs: 323 - wheel_right: Reference geometry name 
2020-03-12 10:06:27,504 INFO  ExportHelper.cs: 331 - Saving STL to D:\Google Drive\infibotics\Solidworks\V1\ROS\Robot_1\meshes\wheel_right.STL
2020-03-12 10:06:28,541 INFO  ExportHelper.cs: 406 - Removing SW header in STL file
2020-03-12 10:06:28,543 INFO  ExportHelper.cs: 270 - Exporting link: wheel_left
2020-03-12 10:06:28,543 INFO  ExportHelper.cs: 272 - Link wheel_left has 0 children
2020-03-12 10:06:28,543 INFO  ExportHelper.cs: 318 - wheel_left: Exporting STL with coordinate frame Origin_wheel_left
2020-03-12 10:06:28,544 INFO  ExportHelper.cs: 323 - wheel_left: Reference geometry name 
2020-03-12 10:06:29,496 INFO  ExportHelper.cs: 331 - Saving STL to D:\Google Drive\infibotics\Solidworks\V1\ROS\Robot_1\meshes\wheel_left.STL
2020-03-12 10:06:30,235 INFO  ExportHelper.cs: 406 - Removing SW header in STL file
2020-03-12 10:06:30,236 INFO  ExportHelper.cs: 270 - Exporting link: elevator
2020-03-12 10:06:30,236 INFO  ExportHelper.cs: 272 - Link elevator has 0 children
2020-03-12 10:06:30,237 INFO  ExportHelper.cs: 318 - elevator: Exporting STL with coordinate frame Origin_elevator
2020-03-12 10:06:30,237 INFO  ExportHelper.cs: 323 - elevator: Reference geometry name 
2020-03-12 10:06:31,133 INFO  ExportHelper.cs: 331 - Saving STL to D:\Google Drive\infibotics\Solidworks\V1\ROS\Robot_1\meshes\elevator.STL
2020-03-12 10:06:31,784 INFO  ExportHelper.cs: 406 - Removing SW header in STL file
2020-03-12 10:06:31,784 INFO  ExportHelper.cs: 318 - robot_body: Exporting STL with coordinate frame Origin_global
2020-03-12 10:06:31,785 INFO  ExportHelper.cs: 323 - robot_body: Reference geometry name 
2020-03-12 10:06:33,490 INFO  ExportHelper.cs: 331 - Saving STL to D:\Google Drive\infibotics\Solidworks\V1\ROS\Robot_1\meshes\robot_body.STL
2020-03-12 10:06:37,829 INFO  ExportHelper.cs: 406 - Removing SW header in STL file
2020-03-12 10:06:37,830 INFO  ExportHelper.cs: 145 - Showing all components except previously hidden components
2020-03-12 10:06:49,923 INFO  ExportHelper.cs: 145 - Resetting STL preferences
2020-03-12 10:06:49,923 INFO  ExportHelper.cs: 479 - Returning STL preferences to user preferences
2020-03-12 10:06:49,924 INFO  ExportHelper.cs: 228 - Writing URDF file to D:\Google Drive\infibotics\Solidworks\V1\ROS\Robot_1\urdf\Robot_1.urdf
2020-03-12 10:06:49,930 INFO  CSVImportExport.cs: 32 - Writing CSV file D:\Google Drive\infibotics\Solidworks\V1\ROS\Robot_1\urdf\Robot_1.csv
2020-03-12 10:06:49,960 ERROR CSVImportExport.cs: 132 - The following columns were not written to the CSV: Link.Joint.ChildLink.link,
2020-03-12 10:06:49,961 ERROR CSVImportExport.cs: 132 - The following columns were not written to the CSV: Link.Joint.ChildLink.link,
2020-03-12 10:06:49,961 ERROR CSVImportExport.cs: 132 - The following columns were not written to the CSV: Link.Joint.ChildLink.link,
2020-03-12 10:06:49,962 ERROR CSVImportExport.cs: 132 - The following columns were not written to the CSV: Link.Joint.ChildLink.link,
2020-03-12 10:06:49,962 INFO  ExportHelper.cs: 234 - Copying log file
2020-03-12 10:06:49,967 INFO  ExportHelper.cs: 440 - Copying C:\Users\shmulik\sw2urdf_logs\sw2urdf.log to D:\Google Drive\infibotics\Solidworks\V1\ROS\Robot_1\export.log
